2024-08-20 17:19:57 [Information] Start installing Hangfire SQL objects...
2024-08-20 17:19:59 [Information] Hangfire SQL objects installed.
2024-08-20 17:19:59 [Information] Starting Hangfire Server using job storage: 'PostgreSQL Server: Host: roofstock-kcanmersin-7b3a.c.aivencloud.com, DB: defaultdb, Schema: hangfire'
2024-08-20 17:19:59 [Information] Using the following options for PostgreSQL job storage:
2024-08-20 17:19:59 [Information]     Queue poll interval: 00:00:15.
2024-08-20 17:19:59 [Information]     Invisibility timeout: 00:30:00.
2024-08-20 17:19:59 [Information]     Use sliding invisibility timeout: False.
2024-08-20 17:19:59 [Information] Using the following options for Hangfire Server:
    Worker count: 60
    Listening queues: 'high-priority', 'low-priority'
    Shutdown timeout: 00:00:15
    Schedule polling interval: 00:00:15
2024-08-20 17:19:59 [Information] User profile is available. Using '"C:\Users\KC\AppData\Local\ASP.NET\DataProtection-Keys"' as key repository and Windows DPAPI to encrypt keys at rest.
2024-08-20 17:19:59 [Information] Initialized Scheduler Signaller of type: Quartz.Core.SchedulerSignalerImpl
2024-08-20 17:19:59 [Information] Quartz Scheduler created
2024-08-20 17:19:59 [Information] JobFactory set to: Quartz.Simpl.MicrosoftDependencyInjectionJobFactory
2024-08-20 17:19:59 [Information] Server desktop-ihebt3k:8160:c833c320 successfully announced in 252,7225 ms
2024-08-20 17:19:59 [Information] RAMJobStore initialized.
2024-08-20 17:19:59 [Information] Quartz Scheduler 3.13.0.0 - 'QuartzScheduler' with instanceId 'NON_CLUSTERED' initialized
2024-08-20 17:19:59 [Information] Using thread pool 'Quartz.Simpl.DefaultThreadPool', size: 10
2024-08-20 17:19:59 [Information] Server desktop-ihebt3k:8160:c833c320 is starting the registered dispatchers: ServerWatchdog, ServerJobCancellationWatcher, ExpirationManager, CountersAggregator, Worker, DelayedJobScheduler, RecurringJobScheduler...
2024-08-20 17:19:59 [Information] Using job store 'Quartz.Simpl.RAMJobStore', supports persistence: False, clustered: False
2024-08-20 17:19:59 [Information] 2 servers were removed due to timeout
2024-08-20 17:19:59 [Information] Adding 1 jobs, 1 triggers.
2024-08-20 17:19:59 [Information] Adding job: DEFAULT.DeleteUnconfirmedUsersJob
2024-08-20 17:20:00 [Information] Server desktop-ihebt3k:8160:c833c320 all the dispatchers started
2024-08-20 17:20:00 [Information] Now listening on: "http://localhost:5244"
2024-08-20 17:20:00 [Information] Starting Hangfire Server using job storage: 'PostgreSQL Server: Host: roofstock-kcanmersin-7b3a.c.aivencloud.com, DB: defaultdb, Schema: hangfire'
2024-08-20 17:20:00 [Information] Using the following options for PostgreSQL job storage:
2024-08-20 17:20:00 [Information]     Queue poll interval: 00:00:15.
2024-08-20 17:20:00 [Information]     Invisibility timeout: 00:30:00.
2024-08-20 17:20:00 [Information]     Use sliding invisibility timeout: False.
2024-08-20 17:20:00 [Information] Scheduler QuartzScheduler_$_NON_CLUSTERED started.
2024-08-20 17:20:00 [Information] Using the following options for Hangfire Server:
    Worker count: 20
    Listening queues: 'default'
    Shutdown timeout: 00:00:15
    Schedule polling interval: 00:00:15
2024-08-20 17:20:00 [Information] Application started. Press Ctrl+C to shut down.
2024-08-20 17:20:00 [Information] Hosting environment: "Development"
2024-08-20 17:20:00 [Information] Content root path: "C:\Users\KC\source\repos\StockFlow\API"
2024-08-20 17:20:01 [Information] Request starting "HTTP/1.1" "GET" "http"://"localhost:5244""""/swagger/index.html""" - null null
2024-08-20 17:20:01 [Information] ****Middleware**** Incoming request: "GET" "/swagger/index.html" with Body: ""
2024-08-20 17:20:01 [Information] No cached response available for this request.
2024-08-20 17:20:01 [Information] The response could not be cached for this request.
2024-08-20 17:20:01 [Information] ****Middleware**** Outgoing response: 200 with Body: "<!-- HTML for static distribution bundle build -->
<!DOCTYPE html>
<html lang=\"en\">
<head>
    <meta charset=\"UTF-8\">
    <title>Swagger UI</title>
    <link rel=\"stylesheet\" type=\"text/css\" href=\"./swagger-ui.css\">
    <link rel=\"stylesheet\" type=\"text/css\" href=\"./index.css\">
    <link rel=\"icon\" type=\"image/png\" href=\"./favicon-32x32.png\" sizes=\"32x32\" />
    <link rel=\"icon\" type=\"image/png\" href=\"./favicon-16x16.png\" sizes=\"16x16\" />
       
</head>

<body>
    <div id=\"swagger-ui\"></div>

    <script src=\"./swagger-ui-bundle.js\" charset=\"utf-8\"></script>
    <script src=\"./swagger-ui-standalone-preset.js\" charset=\"utf-8\"></script>
    <script src=\"index.js\" charset=\"utf-8\"></script>
</body>
</html>
"
2024-08-20 17:20:01 [Information] HTTP "GET" "/swagger/index.html" responded 200 in 217.2368 ms
2024-08-20 17:20:01 [Information] Request finished "HTTP/1.1" "GET" "http"://"localhost:5244""""/swagger/index.html""" - 200 null "text/html;charset=utf-8" 332.3929ms
2024-08-20 17:20:02 [Information] Server desktop-ihebt3k:8160:80429316 successfully announced in 1457,1786 ms
2024-08-20 17:20:02 [Information] Server desktop-ihebt3k:8160:80429316 is starting the registered dispatchers: ServerWatchdog, ServerJobCancellationWatcher, ExpirationManager, CountersAggregator, Worker, DelayedJobScheduler, RecurringJobScheduler...
2024-08-20 17:20:02 [Information] Server desktop-ihebt3k:8160:80429316 all the dispatchers started
2024-08-20 17:20:05 [Information] Executed DbCommand ("65"ms) [Parameters=[""], CommandType='Text', CommandTimeout='30']"
""SELECT o.\"Id\", o.\"CreatedBy\", o.\"CreatedDate\", o.\"DeletedBy\", o.\"DeletedDate\", o.\"IsDeleted\", o.\"ModifiedBy\", o.\"ModifiedDate\", o.\"OrderId\", o.\"Status\", o0.\"Id\", o0.\"CreatedBy\", o0.\"CreatedDate\", o0.\"DeletedBy\", o0.\"DeletedDate\", o0.\"IsDeleted\", o0.\"ModifiedBy\", o0.\"ModifiedDate\", o0.\"OrderType\", o0.\"Quantity\", o0.\"StockSymbol\", o0.\"TargetPrice\", o0.\"UserId\"
FROM \"OrderProcesses\" AS o
INNER JOIN \"Orders\" AS o0 ON o.\"OrderId\" = o0.\"Id\"
WHERE o.\"Status\" = 0"
2024-08-20 17:20:05 [Information] Start processing HTTP request "GET" "https://finnhub.io/api/v1/quote?symbol=AAPL&token=cqosfapr01qqj5dme8e0cqosfapr01qqj5dme8eg"
2024-08-20 17:20:05 [Information] Sending HTTP request "GET" "https://finnhub.io/api/v1/quote?symbol=AAPL&token=cqosfapr01qqj5dme8e0cqosfapr01qqj5dme8eg"
2024-08-20 17:20:07 [Information] Received HTTP response headers after 1192.4219ms - 200
2024-08-20 17:20:07 [Information] End processing HTTP request after 1210.0759ms - 200
2024-08-20 17:20:07 [Information] Execution Worker recovered from the Faulted state after 00:00:07.3683375 and is in the Running state now
2024-08-20 17:20:10 [Information] Request starting "HTTP/1.1" "GET" "http"://"localhost:5244""""/swagger""" - null null
2024-08-20 17:20:10 [Information] ****Middleware**** Incoming request: "GET" "/swagger" with Body: ""
2024-08-20 17:20:10 [Information] No cached response available for this request.
2024-08-20 17:20:10 [Information] The response could not be cached for this request.
2024-08-20 17:20:10 [Information] ****Middleware**** Outgoing response: 301 with Body: ""
2024-08-20 17:20:10 [Information] HTTP "GET" "/swagger" responded 301 in 4.7260 ms
2024-08-20 17:20:10 [Information] Request finished "HTTP/1.1" "GET" "http"://"localhost:5244""""/swagger""" - 301 0 null 15.733ms
2024-08-20 17:20:10 [Information] Request starting "HTTP/1.1" "GET" "http"://"localhost:5244""""/swagger/index.html""" - null null
2024-08-20 17:20:10 [Information] ****Middleware**** Incoming request: "GET" "/swagger/index.html" with Body: ""
2024-08-20 17:20:10 [Information] No cached response available for this request.
2024-08-20 17:20:10 [Information] The response could not be cached for this request.
2024-08-20 17:20:10 [Information] ****Middleware**** Outgoing response: 200 with Body: "<!-- HTML for static distribution bundle build -->
<!DOCTYPE html>
<html lang=\"en\">
<head>
    <meta charset=\"UTF-8\">
    <title>Swagger UI</title>
    <link rel=\"stylesheet\" type=\"text/css\" href=\"./swagger-ui.css\">
    <link rel=\"stylesheet\" type=\"text/css\" href=\"./index.css\">
    <link rel=\"icon\" type=\"image/png\" href=\"./favicon-32x32.png\" sizes=\"32x32\" />
    <link rel=\"icon\" type=\"image/png\" href=\"./favicon-16x16.png\" sizes=\"16x16\" />
       
</head>

<body>
    <div id=\"swagger-ui\"></div>

    <script src=\"./swagger-ui-bundle.js\" charset=\"utf-8\"></script>
    <script src=\"./swagger-ui-standalone-preset.js\" charset=\"utf-8\"></script>
    <script src=\"index.js\" charset=\"utf-8\"></script>
</body>
</html>
"
2024-08-20 17:20:10 [Information] HTTP "GET" "/swagger/index.html" responded 200 in 5.3336 ms
2024-08-20 17:20:10 [Information] Request finished "HTTP/1.1" "GET" "http"://"localhost:5244""""/swagger/index.html""" - 200 null "text/html;charset=utf-8" 11.3911ms
2024-08-20 17:20:10 [Information] Request starting "HTTP/1.1" "GET" "http"://"localhost:5244""""/_framework/aspnetcore-browser-refresh.js""" - null null
2024-08-20 17:20:10 [Information] Request starting "HTTP/1.1" "GET" "http"://"localhost:5244""""/swagger/index.js""" - null null
2024-08-20 17:20:10 [Information] Request starting "HTTP/1.1" "GET" "http"://"localhost:5244""""/_vs/browserLink""" - null null
2024-08-20 17:20:10 [Information] ****Middleware**** Incoming request: "GET" "/swagger/index.js" with Body: ""
2024-08-20 17:20:10 [Information] Request finished "HTTP/1.1" "GET" "http"://"localhost:5244""""/_framework/aspnetcore-browser-refresh.js""" - 200 13742 "application/javascript; charset=utf-8" 18.8189ms
2024-08-20 17:20:10 [Information] No cached response available for this request.
2024-08-20 17:20:10 [Information] The response could not be cached for this request.
2024-08-20 17:20:10 [Information] ****Middleware**** Outgoing response: 200 with Body: "/* Source: https://gist.github.com/lamberta/3768814
 * Parse a string function definition and return a function object. Does not use eval.
 * @param {string} str
 * @return {function}
 *
 * Example:
 *  var f = function (x, y) { return x * y; };
 *  var g = parseFunction(f.toString());
 *  g(33, 3); //=> 99
 */
function parseFunction(str) {
    if (!str) return void (0);

    var fn_body_idx = str.indexOf('{'),
        fn_body = str.substring(fn_body_idx + 1, str.lastIndexOf('}')),
        fn_declare = str.substring(0, fn_body_idx),
        fn_params = fn_declare.substring(fn_declare.indexOf('(') + 1, fn_declare.lastIndexOf(')')),
        args = fn_params.split(',');

    args.push(fn_body);

    function Fn() {
        return Function.apply(this, args);
    }
    Fn.prototype = Function.prototype;

    return new Fn();
}

window.onload = function () {
    var configObject = JSON.parse('{\"urls\":[{\"url\":\"v1/swagger.json\",\"name\":\"API v1\"}],\"deepLinking\":false,\"persistAuthorization\":false,\"displayOperationId\":false,\"defaultModelsExpandDepth\":1,\"defaultModelExpandDepth\":1,\"defaultModelRendering\":\"example\",\"displayRequestDuration\":false,\"docExpansion\":\"list\",\"showExtensions\":false,\"showCommonExtensions\":false,\"supportedSubmitMethods\":[\"get\",\"put\",\"post\",\"delete\",\"options\",\"head\",\"patch\",\"trace\"],\"tryItOutEnabled\":false}');
    var oauthConfigObject = JSON.parse('{\"scopeSeparator\":\" \",\"scopes\":[],\"useBasicAuthenticationWithAccessCodeGrant\":false,\"usePkceWithAuthorizationCodeGrant\":false}');

    // Workaround for https://github.com/swagger-api/swagger-ui/issues/5945
    configObject.urls.forEach(function (item) {
        if (item.url.startsWith(\"http\") || item.url.startsWith(\"/\")) return;
        item.url = window.location.href.replace(\"index.html\", item.url).split('#')[0];
    });

    // If validatorUrl is not explicitly provided, disable the feature by setting to null
    if (!configObject.hasOwnProperty(\"validatorUrl\"))
        configObject.validatorUrl = null

    // If oauth2RedirectUrl isn't specified, use the built-in default
    if (!configObject.hasOwnProperty(\"oauth2RedirectUrl\"))
        configObject.oauth2RedirectUrl = (new URL(\"oauth2-redirect.html\", window.location.href)).href;

    // Apply mandatory parameters
    configObject.dom_id = \"#swagger-ui\";
    configObject.presets = [SwaggerUIBundle.presets.apis, SwaggerUIStandalonePreset];
    configObject.layout = \"StandaloneLayout\";

    // Parse and add interceptor functions
    var interceptors = JSON.parse('{}');
    if (interceptors.RequestInterceptorFunction)
        configObject.requestInterceptor = parseFunction(interceptors.RequestInterceptorFunction);
    if (interceptors.ResponseInterceptorFunction)
        configObject.responseInterceptor = parseFunction(interceptors.ResponseInterceptorFunction);

    // Begin Swagger UI call region

    const ui = SwaggerUIBundle(configObject);

    ui.initOAuth(oauthConfigObject);

    // End Swagger UI call region

    window.ui = ui
}
"
2024-08-20 17:20:10 [Information] HTTP "GET" "/swagger/index.js" responded 200 in 12.1846 ms
2024-08-20 17:20:10 [Information] Request finished "HTTP/1.1" "GET" "http"://"localhost:5244""""/swagger/index.js""" - 200 null "application/javascript;charset=utf-8" 31.5415ms
2024-08-20 17:20:10 [Information] Request finished "HTTP/1.1" "GET" "http"://"localhost:5244""""/_vs/browserLink""" - 200 null "text/javascript; charset=UTF-8" 46.2659ms
2024-08-20 17:20:10 [Information] Request starting "HTTP/1.1" "GET" "http"://"localhost:5244""""/swagger/v1/swagger.json""" - null null
2024-08-20 17:20:10 [Information] ****Middleware**** Incoming request: "GET" "/swagger/v1/swagger.json" with Body: ""
2024-08-20 17:20:10 [Information] No cached response available for this request.
2024-08-20 17:20:11 [Information] The response could not be cached for this request.
2024-08-20 17:20:11 [Information] ****Middleware**** Outgoing response: 200 with Body: "{
  \"openapi\": \"3.0.1\",
  \"info\": {
    \"title\": \"API\",
    \"version\": \"1.0\"
  },
  \"paths\": {
    \"/api/deposit\": {
      \"post\": {
        \"tags\": [
          \"Deposit\"
        ],
        \"requestBody\": {
          \"content\": {
            \"application/json\": {
              \"schema\": {
                \"$ref\": \"#/components/schemas/DepositRequest\"
              }
            },
            \"text/json\": {
              \"schema\": {
                \"$ref\": \"#/components/schemas/DepositRequest\"
              }
            },
            \"application/*+json\": {
              \"schema\": {
                \"$ref\": \"#/components/schemas/DepositRequest\"
              }
            }
          }
        },
        \"responses\": {
          \"200\": {
            \"description\": \"OK\"
          }
        }
      }
    },
    \"/api/orders/cancel\": {
      \"post\": {
        \"tags\": [
          \"Order\"
        ],
        \"requestBody\": {
          \"content\": {
            \"application/json\": {
              \"schema\": {
                \"$ref\": \"#/components/schemas/CancelOrderRequest\"
              }
            },
            \"text/json\": {
              \"schema\": {
                \"$ref\": \"#/components/schemas/CancelOrderRequest\"
              }
            },
            \"application/*+json\": {
              \"schema\": {
                \"$ref\": \"#/components/schemas/CancelOrderRequest\"
              }
            }
          }
        },
        \"responses\": {
          \"200\": {
            \"description\": \"OK\"
          }
        }
      }
    },
    \"/api/orders/place\": {
      \"post\": {
        \"tags\": [
          \"Order\"
        ],
        \"requestBody\": {
          \"content\": {
            \"application/json\": {
              \"schema\": {
                \"$ref\": \"#/components/schemas/GiveOrderRequest\"
              }
            },
            \"text/json\": {
              \"schema\": {
                \"$ref\": \"#/components/schemas/GiveOrderRequest\"
              }
            },
            \"application/*+json\": {
              \"schema\": {
                \"$ref\": \"#/components/schemas/GiveOrderRequest\"
              }
            }
          }
        },
        \"responses\": {
          \"200\": {
            \"description\": \"OK\"
          }
        }
      }
    },
    \"/api/stocks/portfolio\": {
      \"get\": {
        \"tags\": [
          \"Stock\"
        ],
        \"parameters\": [
          {
            \"name\": \"UserId\",
            \"in\": \"query\",
            \"schema\": {
              \"type\": \"string\",
              \"format\": \"uuid\",
              \"default\": \"3aa42229-1c0f-4630-8c1a-db879ecd0427\"
            }
          }
        ],
        \"responses\": {
          \"200\": {
            \"description\": \"OK\"
          }
        }
      }
    },
    \"/api/stocks/sell\": {
      \"post\": {
        \"tags\": [
          \"Stock\"
        ],
        \"requestBody\": {
          \"content\": {
            \"application/json\": {
              \"schema\": {
                \"$ref\": \"#/components/schemas/SellStockRequest\"
              }
            },
            \"text/json\": {
              \"schema\": {
                \"$ref\": \"#/components/schemas/SellStockRequest\"
              }
            },
            \"application/*+json\": {
              \"schema\": {
                \"$ref\": \"#/components/schemas/SellStockRequest\"
              }
            }
          }
        },
        \"responses\": {
          \"200\": {
            \"description\": \"OK\"
          }
        }
      }
    },
    \"/api/stocks/buy\": {
      \"post\": {
        \"tags\": [
          \"Stock\"
        ],
        \"requestBody\": {
          \"content\": {
            \"application/json\": {
              \"schema\": {
                \"$ref\": \"#/components/schemas/BuyStockRequest\"
              }
            },
            \"text/json\": {
              \"schema\": {
                \"$ref\": \"#/components/schemas/BuyStockRequest\"
              }
            },
            \"application/*+json\": {
              \"schema\": {
                \"$ref\": \"#/components/schemas/BuyStockRequest\"
              }
            }
          }
        },
        \"responses\": {
          \"200\": {
            \"description\": \"OK\"
          }
        }
      }
    },
    \"/api/stocks/price-alert\": {
      \"post\": {
        \"tags\": [
          \"Stock\"
        ],
        \"requestBody\": {
          \"content\": {
            \"application/json\": {
              \"schema\": {
                \"$ref\": \"#/components/schemas/SetPriceAlertRequest\"
              }
            },
            \"text/json\": {
              \"schema\": {
                \"$ref\": \"#/components/schemas/SetPriceAlertRequest\"
              }
            },
            \"application/*+json\": {
              \"schema\": {
                \"$ref\": \"#/components/schemas/SetPriceAlertRequest\"
              }
            }
          }
        },
        \"responses\": {
          \"200\": {
            \"description\": \"OK\"
          }
        }
      }
    },
    \"/api/StockApi/price\": {
      \"get\": {
        \"tags\": [
          \"StockApi\"
        ],
        \"parameters\": [
          {
            \"name\": \"symbol\",
            \"in\": \"query\",
            \"schema\": {
              \"type\": \"string\"
            }
          }
        ],
        \"responses\": {
          \"200\": {
            \"description\": \"OK\"
          }
        }
      }
    },
    \"/api/StockApi/market-news\": {
      \"get\": {
        \"tags\": [
          \"StockApi\"
        ],
        \"parameters\": [
          {
            \"name\": \"Category\",
            \"in\": \"query\",
            \"schema\": {
              \"type\": \"string\",
              \"default\": \"general\"
            }
          },
          {
            \"name\": \"MinId\",
            \"in\": \"query\",
            \"schema\": {
              \"type\": \"integer\",
              \"format\": \"int32\",
              \"default\": 0
            }
          },
          {
            \"name\": \"Page\",
            \"in\": \"query\",
            \"schema\": {
              \"type\": \"integer\",
              \"format\": \"int32\",
              \"default\": 1
            }
          },
          {
            \"name\": \"PageSize\",
            \"in\": \"query\",
            \"schema\": {
              \"type\": \"integer\",
              \"format\": \"int32\",
              \"default\": 10
            }
          }
        ],
        \"responses\": {
          \"200\": {
            \"description\": \"OK\"
          }
        }
      }
    },
    \"/api/StockApi/company-news\": {
      \"get\": {
        \"tags\": [
          \"StockApi\"
        ],
        \"parameters\": [
          {
            \"name\": \"Symbol\",
            \"in\": \"query\",
            \"schema\": {
              \"type\": \"string\",
              \"default\": \"AAPL\"
            }
          },
          {
            \"name\": \"From\",
            \"in\": \"query\",
            \"schema\": {
              \"type\": \"string\",
              \"default\": \"2021-01-01\"
            }
          },
          {
            \"name\": \"To\",
            \"in\": \"query\",
            \"schema\": {
              \"type\": \"string\",
              \"default\": \"2024-01-01\"
            }
          },
          {
            \"name\": \"Page\",
            \"in\": \"query\",
            \"schema\": {
              \"type\": \"integer\",
              \"format\": \"int32\",
              \"default\": 1
            }
          },
          {
            \"name\": \"PageSize\",
            \"in\": \"query\",
            \"schema\": {
              \"type\": \"integer\",
              \"format\": \"int32\",
              \"default\": 10
            }
          }
        ],
        \"responses\": {
          \"200\": {
            \"description\": \"OK\"
          }
        }
      }
    },
    \"/api/users/confirm-email\": {
      \"get\": {
        \"tags\": [
          \"User\"
        ],
        \"parameters\": [
          {
            \"name\": \"email\",
            \"in\": \"query\",
            \"schema\": {
              \"type\": \"string\"
            }
          },
          {
            \"name\": \"token\",
            \"in\": \"query\",
            \"schema\": {
              \"type\": \"string\"
            }
          }
        ],
        \"responses\": {
          \"200\": {
            \"description\": \"OK\"
          }
        }
      }
    },
    \"/api/users/login\": {
      \"post\": {
        \"tags\": [
          \"User\"
        ],
        \"requestBody\": {
          \"content\": {
            \"application/json\": {
              \"schema\": {
                \"$ref\": \"#/components/schemas/LoginRequest\"
              }
            },
            \"text/json\": {
              \"schema\": {
                \"$ref\": \"#/components/schemas/LoginRequest\"
              }
            },
            \"application/*+json\": {
              \"schema\": {
                \"$ref\": \"#/components/schemas/LoginRequest\"
              }
            }
          }
        },
        \"responses\": {
          \"200\": {
            \"description\": \"OK\"
          }
        }
      }
    },
    \"/api/users/register\": {
      \"post\": {
        \"tags\": [
          \"User\"
        ],
        \"requestBody\": {
          \"content\": {
            \"application/json\": {
              \"schema\": {
                \"$ref\": \"#/components/schemas/RegisterRequest\"
              }
            },
            \"text/json\": {
              \"schema\": {
                \"$ref\": \"#/components/schemas/RegisterRequest\"
              }
            },
            \"application/*+json\": {
              \"schema\": {
                \"$ref\": \"#/components/schemas/RegisterRequest\"
              }
            }
          }
        },
        \"responses\": {
          \"200\": {
            \"description\": \"OK\"
          }
        }
      }
    },
    \"/api/users/update\": {
      \"put\": {
        \"tags\": [
          \"User\"
        ],
        \"requestBody\": {
          \"content\": {
            \"application/json\": {
              \"schema\": {
                \"$ref\": \"#/components/schemas/UserUpdateRequest\"
              }
            },
            \"text/json\": {
              \"schema\": {
                \"$ref\": \"#/components/schemas/UserUpdateRequest\"
              }
            },
            \"application/*+json\": {
              \"schema\": {
                \"$ref\": \"#/components/schemas/UserUpdateRequest\"
              }
            }
          }
        },
        \"responses\": {
          \"200\": {
            \"description\": \"OK\"
          }
        }
      }
    },
    \"/api/withdrawal\": {
      \"post\": {
        \"tags\": [
          \"Withdrawal\"
        ],
        \"requestBody\": {
          \"content\": {
            \"application/json\": {
              \"schema\": {
                \"$ref\": \"#/components/schemas/WithdrawalRequest\"
              }
            },
            \"text/json\": {
              \"schema\": {
                \"$ref\": \"#/components/schemas/WithdrawalRequest\"
              }
            },
            \"application/*+json\": {
              \"schema\": {
                \"$ref\": \"#/components/schemas/WithdrawalRequest\"
              }
            }
          }
        },
        \"responses\": {
          \"200\": {
            \"description\": \"OK\"
          }
        }
      }
    }
  },
  \"components\": {
    \"schemas\": {
      \"AlertType\": {
        \"enum\": [
          0,
          1
        ],
        \"type\": \"integer\",
        \"format\": \"int32\"
      },
      \"BuyStockRequest\": {
        \"type\": \"object\",
        \"properties\": {
          \"userId\": {
            \"type\": \"string\",
            \"format\": \"uuid\",
            \"default\": \"3aa42229-1c0f-4630-8c1a-db879ecd0427\"
          },
          \"stockSymbol\": {
            \"type\": \"string\",
            \"default\": \"AAPL\",
            \"nullable\": true
          },
          \"quantity\": {
            \"type\": \"integer\",
            \"format\": \"int32\",
            \"default\": 1
          }
        },
        \"additionalProperties\": false
      },
      \"CancelOrderRequest\": {
        \"type\": \"object\",
        \"properties\": {
          \"orderId\": {
            \"type\": \"string\",
            \"format\": \"uuid\"
          },
          \"userId\": {
            \"type\": \"string\",
            \"format\": \"uuid\",
            \"default\": \"3aa42229-1c0f-4630-8c1a-db879ecd0427\"
          }
        },
        \"additionalProperties\": false
      },
      \"DepositRequest\": {
        \"type\": \"object\",
        \"properties\": {
          \"userId\": {
            \"type\": \"string\",
            \"format\": \"uuid\",
            \"default\": \"3aa42229-1c0f-4630-8c1a-db879ecd0427\"
          },
          \"amount\": {
            \"type\": \"number\",
            \"format\": \"double\",
            \"default\": 100
          },
          \"currency\": {
            \"type\": \"string\",
            \"default\": \"TRY\",
            \"nullable\": true
          }
        },
        \"additionalProperties\": false
      },
      \"GiveOrderRequest\": {
        \"type\": \"object\",
        \"properties\": {
          \"userId\": {
            \"type\": \"string\",
            \"format\": \"uuid\",
            \"default\": \"3aa42229-1c0f-4630-8c1a-db879ecd0427\"
          },
          \"stockSymbol\": {
            \"type\": \"string\",
            \"default\": \"AAPL\",
            \"nullable\": true
          },
          \"quantity\": {
            \"type\": \"integer\",
            \"format\": \"int32\",
            \"default\": 1
          },
          \"targetPrice\": {
            \"type\": \"number\",
            \"format\": \"double\",
            \"default\": 150
          },
          \"orderType\": {
            \"$ref\": \"#/components/schemas/OrderType\"
          }
        },
        \"additionalProperties\": false
      },
      \"LoginRequest\": {
        \"type\": \"object\",
        \"properties\": {
          \"email\": {
            \"type\": \"string\",
            \"default\": \"kerimcanmersin@gmail.com\",
            \"nullable\": true
          },
          \"password\": {
            \"type\": \"string\",
            \"default\": \"19071907\",
            \"nullable\": true
          }
        },
        \"additionalProperties\": false
      },
      \"OrderType\": {
        \"enum\": [
          0,
          1
        ],
        \"type\": \"integer\",
        \"format\": \"int32\"
      },
      \"RegisterRequest\": {
        \"type\": \"object\",
        \"properties\": {
          \"email\": {
            \"type\": \"string\",
            \"default\": \"kcanmersin@gmail.com\",
            \"nullable\": true
          },
          \"password\": {
            \"type\": \"string\",
            \"default\": \"19071907\",
            \"nullable\": true
          },
          \"firstName\": {
            \"type\": \"string\",
            \"default\": \"Can\",
            \"nullable\": true
          },
          \"lastName\": {
            \"type\": \"string\",
            \"default\": \"Mersin\",
            \"nullable\": true
          },
          \"phoneNumber\": {
            \"type\": \"string\",
            \"default\": \"+1234567890\",
            \"nullable\": true
          },
          \"roleName\": {
            \"type\": \"string\",
            \"default\": \"User\",
            \"nullable\": true
          }
        },
        \"additionalProperties\": false
      },
      \"SellStockRequest\": {
        \"type\": \"object\",
        \"properties\": {
          \"userId\": {
            \"type\": \"string\",
            \"format\": \"uuid\",
            \"default\": \"3aa42229-1c0f-4630-8c1a-db879ecd0427\"
          },
          \"stockSymbol\": {
            \"type\": \"string\",
            \"default\": \"AAPL\",
            \"nullable\": true
          },
          \"quantity\": {
            \"type\": \"integer\",
            \"format\": \"int32\",
            \"default\": 1
          }
        },
        \"additionalProperties\": false
      },
      \"SetPriceAlertRequest\": {
        \"type\": \"object\",
        \"properties\": {
          \"userId\": {
            \"type\": \"string\",
            \"format\": \"uuid\",
            \"default\": \"3aa42229-1c0f-4630-8c1a-db879ecd0427\"
          },
          \"stockSymbol\": {
            \"type\": \"string\",
            \"default\": \"AAPL\",
            \"nullable\": true
          },
          \"targetPrice\": {
            \"type\": \"number\",
            \"format\": \"double\",
            \"default\": 100
          },
          \"alertType\": {
            \"$ref\": \"#/components/schemas/AlertType\"
          }
        },
        \"additionalProperties\": false
      },
      \"UserUpdateRequest\": {
        \"type\": \"object\",
        \"properties\": {
          \"userId\": {
            \"type\": \"string\",
            \"format\": \"uuid\",
            \"default\": \"657c6705-0728-4dfc-8019-ea59c42f984f\"
          },
          \"email\": {
            \"type\": \"string\",
            \"default\": \"kerimcanmersin@gmail.com\",
            \"nullable\": true
          },
          \"firstName\": {
            \"type\": \"string\",
            \"default\": \"Can\",
            \"nullable\": true
          },
          \"lastName\": {
            \"type\": \"string\",
            \"default\": \"Mersin\",
            \"nullable\": true
          },
          \"phoneNumber\": {
            \"type\": \"string\",
            \"default\": \"+1234567890\",
            \"nullable\": true
          },
          \"imagePath\": {
            \"type\": \"string\",
            \"default\": \"/API/defaultlogo.jpg\",
            \"nullable\": true
          }
        },
        \"additionalProperties\": false
      },
      \"WithdrawalRequest\": {
        \"type\": \"object\",
        \"properties\": {
          \"userId\": {
            \"type\": \"string\",
            \"format\": \"uuid\",
            \"default\": \"3aa42229-1c0f-4630-8c1a-db879ecd0427\"
          },
          \"amountInUSD\": {
            \"type\": \"number\",
            \"format\": \"double\",
            \"default\": 100
          },
          \"targetCurrency\": {
            \"type\": \"string\",
            \"default\": \"TRY\",
            \"nullable\": true
          }
        },
        \"additionalProperties\": false
      }
    }
  }
}"
2024-08-20 17:20:11 [Information] HTTP "GET" "/swagger/v1/swagger.json" responded 200 in 263.2255 ms
2024-08-20 17:20:11 [Information] Request finished "HTTP/1.1" "GET" "http"://"localhost:5244""""/swagger/v1/swagger.json""" - 200 null "application/json;charset=utf-8" 277.1898ms
2024-08-20 17:20:13 [Information] Request starting "HTTP/1.1" "POST" "http"://"localhost:5244""""/api/deposit""" - "application/json" 92
2024-08-20 17:20:13 [Information] ****Middleware**** Incoming request: "POST" "/api/deposit" with Body: "{
  \"userId\": \"3aa42229-1c0f-4630-8c1a-db879ecd0427\",
  \"amount\": 100,
  \"currency\": \"TRY\"
}"
2024-08-20 17:20:13 [Information] CORS policy execution successful.
2024-08-20 17:20:13 [Information] Executing endpoint '"Core.Features.User.Deposit.DepositController.Deposit (API)"'
2024-08-20 17:20:13 [Information] Route matched with "{action = \"Deposit\", controller = \"Deposit\"}". Executing controller action with signature "System.Threading.Tasks.Task`1[Microsoft.AspNetCore.Mvc.IActionResult] Deposit(Core.Features.Deposit.DepositRequest)" on controller "Core.Features.User.Deposit.DepositController" ("API").
2024-08-20 17:20:13 [Information] ****ActionFilter**** Request for "POST" "/api/deposit" from "::1" with data [("request": DepositRequest { UserId: 3aa42229-1c0f-4630-8c1a-db879ecd0427, Amount: 100, Currency: "TRY" })]
2024-08-20 17:20:13 [Information] Start processing HTTP request "GET" "https://api.frankfurter.app/latest?amount=100&from=TRY&to=USD"
2024-08-20 17:20:13 [Information] Sending HTTP request "GET" "https://api.frankfurter.app/latest?amount=100&from=TRY&to=USD"
2024-08-20 17:20:14 [Information] Received HTTP response headers after 184.5835ms - 200
2024-08-20 17:20:14 [Information] End processing HTTP request after 189.9133ms - 200
2024-08-20 17:20:14 [Information] Executed DbCommand ("62"ms) [Parameters=["@__get_Item_0='?' (DbType = Guid)"], CommandType='Text', CommandTimeout='30']"
""SELECT a.\"Id\", a.\"AccessFailedCount\", a.\"Balance\", a.\"ConcurrencyStamp\", a.\"Email\", a.\"EmailConfirmationSentAt\", a.\"EmailConfirmationToken\", a.\"EmailConfirmed\", a.\"FirstName\", a.\"ImagePath\", a.\"IsEmailConfirmed\", a.\"LastName\", a.\"LockoutEnabled\", a.\"LockoutEnd\", a.\"NormalizedEmail\", a.\"NormalizedUserName\", a.\"PasswordHash\", a.\"PhoneNumber\", a.\"PhoneNumberConfirmed\", a.\"SecurityStamp\", a.\"TwoFactorEnabled\", a.\"UserName\"
FROM \"AspNetUsers\" AS a
WHERE a.\"Id\" = @__get_Item_0
LIMIT 1"
2024-08-20 17:20:14 [Information] Executed DbCommand ("65"ms) [Parameters=["@p1='?' (DbType = Guid), @p0='?' (DbType = Decimal), @p2='?', @p3='?' (DbType = Guid), @p4='?' (DbType = Decimal), @p5='?', @p6='?' (DbType = DateTime), @p7='?', @p8='?' (DbType = DateTime), @p9='?', @p10='?' (DbType = Boolean), @p11='?', @p12='?' (DbType = DateTime), @p13='?' (DbType = Guid), @p14='?' (DbType = Int32), @p15='?' (DbType = Guid)"], CommandType='Text', CommandTimeout='30']"
""UPDATE \"AspNetUsers\" SET \"Balance\" = @p0
WHERE \"Id\" = @p1 AND \"ConcurrencyStamp\" = @p2;
INSERT INTO \"Transactions\" (\"Id\", \"Amount\", \"CreatedBy\", \"CreatedDate\", \"DeletedBy\", \"DeletedDate\", \"Description\", \"IsDeleted\", \"ModifiedBy\", \"ModifiedDate\", \"StockHoldingItemId\", \"Type\", \"UserId\")
VALUES (@p3, @p4, @p5, @p6, @p7, @p8, @p9, @p10, @p11, @p12, @p13, @p14, @p15);"
2024-08-20 17:20:14 [Information] ****ActionFilter**** Response from 200 with data OkObjectResult { Value: DepositResponse { IsSuccess: True, NewBalance: 999616.3047, Message: "Deposit successful.", USDConvertedAmount: 2.9647 }, Formatters: [], ContentTypes: [], DeclaredType: null, StatusCode: 200 }
2024-08-20 17:20:14 [Information] Executing "OkObjectResult", writing value of type '"Core.Features.Deposit.DepositResponse"'.
2024-08-20 17:20:14 [Information] Executed action "Core.Features.User.Deposit.DepositController.Deposit (API)" in 924.9566ms
2024-08-20 17:20:14 [Information] Executed endpoint '"Core.Features.User.Deposit.DepositController.Deposit (API)"'
2024-08-20 17:20:14 [Information] ****Middleware**** Outgoing response: 200 with Body: "{\"isSuccess\":true,\"newBalance\":999616.3047,\"message\":\"Deposit successful.\",\"usdConvertedAmount\":2.9647}"
2024-08-20 17:20:14 [Information] HTTP "POST" "/api/deposit" responded 200 in 986.3979 ms
2024-08-20 17:20:14 [Information] Request finished "HTTP/1.1" "POST" "http"://"localhost:5244""""/api/deposit""" - 200 null "application/json; charset=utf-8" 994.7618ms
2024-08-20 17:20:19 [Information] Execution DelayedJobScheduler recovered from the Faulted state after 00:00:16.7974767 and is in the Running state now
2024-08-20 17:22:26 [Information] Start installing Hangfire SQL objects...
2024-08-20 17:22:28 [Information] Hangfire SQL objects installed.
2024-08-20 17:22:28 [Information] Starting Hangfire Server using job storage: 'PostgreSQL Server: Host: roofstock-kcanmersin-7b3a.c.aivencloud.com, DB: defaultdb, Schema: hangfire'
2024-08-20 17:22:28 [Information] Using the following options for PostgreSQL job storage:
2024-08-20 17:22:28 [Information]     Queue poll interval: 00:00:15.
2024-08-20 17:22:28 [Information]     Invisibility timeout: 00:30:00.
2024-08-20 17:22:28 [Information]     Use sliding invisibility timeout: False.
2024-08-20 17:22:28 [Information] Using the following options for Hangfire Server:
    Worker count: 60
    Listening queues: 'high-priority', 'low-priority'
    Shutdown timeout: 00:00:15
    Schedule polling interval: 00:00:15
2024-08-20 17:22:28 [Information] User profile is available. Using '"C:\Users\KC\AppData\Local\ASP.NET\DataProtection-Keys"' as key repository and Windows DPAPI to encrypt keys at rest.
2024-08-20 17:22:28 [Information] Server desktop-ihebt3k:23564:be019241 successfully announced in 213,7259 ms
2024-08-20 17:22:28 [Information] Server desktop-ihebt3k:23564:be019241 is starting the registered dispatchers: ServerWatchdog, ServerJobCancellationWatcher, ExpirationManager, CountersAggregator, Worker, DelayedJobScheduler, RecurringJobScheduler...
2024-08-20 17:22:28 [Information] Initialized Scheduler Signaller of type: Quartz.Core.SchedulerSignalerImpl
2024-08-20 17:22:28 [Information] 2 servers were removed due to timeout
2024-08-20 17:22:28 [Information] Quartz Scheduler created
2024-08-20 17:22:28 [Information] JobFactory set to: Quartz.Simpl.MicrosoftDependencyInjectionJobFactory
2024-08-20 17:22:28 [Information] RAMJobStore initialized.
2024-08-20 17:22:28 [Information] Quartz Scheduler 3.13.0.0 - 'QuartzScheduler' with instanceId 'NON_CLUSTERED' initialized
2024-08-20 17:22:28 [Information] Using thread pool 'Quartz.Simpl.DefaultThreadPool', size: 10
2024-08-20 17:22:28 [Information] Using job store 'Quartz.Simpl.RAMJobStore', supports persistence: False, clustered: False
2024-08-20 17:22:28 [Information] Server desktop-ihebt3k:23564:be019241 all the dispatchers started
2024-08-20 17:22:28 [Information] Adding 1 jobs, 1 triggers.
2024-08-20 17:22:28 [Information] Adding job: DEFAULT.DeleteUnconfirmedUsersJob
2024-08-20 17:22:28 [Information] Now listening on: "http://localhost:5244"
2024-08-20 17:22:28 [Information] Starting Hangfire Server using job storage: 'PostgreSQL Server: Host: roofstock-kcanmersin-7b3a.c.aivencloud.com, DB: defaultdb, Schema: hangfire'
2024-08-20 17:22:28 [Information] Using the following options for PostgreSQL job storage:
2024-08-20 17:22:28 [Information]     Queue poll interval: 00:00:15.
2024-08-20 17:22:28 [Information]     Invisibility timeout: 00:30:00.
2024-08-20 17:22:28 [Information]     Use sliding invisibility timeout: False.
2024-08-20 17:22:28 [Information] Scheduler QuartzScheduler_$_NON_CLUSTERED started.
2024-08-20 17:22:28 [Information] Using the following options for Hangfire Server:
    Worker count: 20
    Listening queues: 'default'
    Shutdown timeout: 00:00:15
    Schedule polling interval: 00:00:15
2024-08-20 17:22:29 [Information] Application started. Press Ctrl+C to shut down.
2024-08-20 17:22:29 [Information] Hosting environment: "Development"
2024-08-20 17:22:29 [Information] Content root path: "C:\Users\KC\source\repos\StockFlow\API"
2024-08-20 17:22:29 [Information] Request starting "HTTP/1.1" "GET" "http"://"localhost:5244""""/swagger/index.html""" - null null
2024-08-20 17:22:29 [Error] Execution BackgroundServerProcess is in the Failed state now due to an exception, execution will be retried no more than in 00:00:15
Npgsql.PostgresException (0x80004005): 53300: sorry, too many clients already
   at Npgsql.Internal.NpgsqlConnector.ReadMessageLong(Boolean async, DataRowLoadingMode dataRowLoadingMode, Boolean readingNotifications, Boolean isReadingPrependedMessage)
   at System.Runtime.CompilerServices.PoolingAsyncValueTaskMethodBuilder`1.StateMachineBox`1.System.Threading.Tasks.Sources.IValueTaskSource<TResult>.GetResult(Int16 token)
   at Npgsql.Internal.NpgsqlConnector.Authenticate(String username, NpgsqlTimeout timeout, Boolean async, CancellationToken cancellationToken)
   at Npgsql.Internal.NpgsqlConnector.<Open>g__OpenCore|213_1(NpgsqlConnector conn, SslMode sslMode, NpgsqlTimeout timeout, Boolean async, CancellationToken cancellationToken, Boolean isFirstAttempt)
   at Npgsql.Internal.NpgsqlConnector.Open(NpgsqlTimeout timeout, Boolean async, CancellationToken cancellationToken)
   at Npgsql.PoolingDataSource.OpenNewConnector(NpgsqlConnection conn, NpgsqlTimeout timeout, Boolean async, CancellationToken cancellationToken)
   at Npgsql.PoolingDataSource.<Get>g__RentAsync|34_0(NpgsqlConnection conn, NpgsqlTimeout timeout, Boolean async, CancellationToken cancellationToken)
   at Npgsql.NpgsqlConnection.<Open>g__OpenAsync|42_0(Boolean async, CancellationToken cancellationToken)
   at Npgsql.NpgsqlConnection.Open()
   at Hangfire.PostgreSql.PostgreSqlStorage.CreateAndOpenConnection()
   at Hangfire.PostgreSql.PostgreSqlStorage.UseConnection[T](DbConnection dedicatedConnection, Func`2 func)
   at Hangfire.PostgreSql.PostgreSqlConnection.AnnounceServer(String serverId, ServerContext context)
   at Hangfire.Server.BackgroundServerProcess.CreateServer(BackgroundServerContext context) in C:\projects\hangfire-525\src\Hangfire.Core\Server\BackgroundServerProcess.cs:line 194
   at Hangfire.Server.BackgroundServerProcess.Execute(Guid executionId, BackgroundExecution execution, CancellationToken stoppingToken, CancellationToken stoppedToken, CancellationToken shutdownToken) in C:\projects\hangfire-525\src\Hangfire.Core\Server\BackgroundServerProcess.cs:line 101
   at Hangfire.Server.BackgroundProcessingServer.RunServer(Guid executionId, Object state) in C:\projects\hangfire-525\src\Hangfire.Core\Server\BackgroundProcessingServer.cs:line 249
   at Hangfire.Processing.BackgroundExecution.Run(Action`2 callback, Object state) in C:\projects\hangfire-525\src\Hangfire.Core\Processing\BackgroundExecution.cs:line 118
  Exception data:
    Severity: FATAL
    SqlState: 53300
    MessageText: sorry, too many clients already
    File: proc.c
    Line: 351
    Routine: InitProcess
2024-08-20 17:22:29 [Information] ****Middleware**** Incoming request: "GET" "/swagger/index.html" with Body: ""
2024-08-20 17:22:29 [Information] No cached response available for this request.
2024-08-20 17:22:29 [Information] The response could not be cached for this request.
2024-08-20 17:22:29 [Information] ****Middleware**** Outgoing response: 200 with Body: "<!-- HTML for static distribution bundle build -->
<!DOCTYPE html>
<html lang=\"en\">
<head>
    <meta charset=\"UTF-8\">
    <title>Swagger UI</title>
    <link rel=\"stylesheet\" type=\"text/css\" href=\"./swagger-ui.css\">
    <link rel=\"stylesheet\" type=\"text/css\" href=\"./index.css\">
    <link rel=\"icon\" type=\"image/png\" href=\"./favicon-32x32.png\" sizes=\"32x32\" />
    <link rel=\"icon\" type=\"image/png\" href=\"./favicon-16x16.png\" sizes=\"16x16\" />
       
</head>

<body>
    <div id=\"swagger-ui\"></div>

    <script src=\"./swagger-ui-bundle.js\" charset=\"utf-8\"></script>
    <script src=\"./swagger-ui-standalone-preset.js\" charset=\"utf-8\"></script>
    <script src=\"index.js\" charset=\"utf-8\"></script>
</body>
</html>
"
2024-08-20 17:22:29 [Information] HTTP "GET" "/swagger/index.html" responded 200 in 103.6616 ms
2024-08-20 17:22:29 [Information] Request finished "HTTP/1.1" "GET" "http"://"localhost:5244""""/swagger/index.html""" - 200 null "text/html;charset=utf-8" 211.1894ms
2024-08-20 17:22:29 [Information] Request starting "HTTP/1.1" "GET" "http"://"localhost:5244""""/_framework/aspnetcore-browser-refresh.js""" - null null
2024-08-20 17:22:29 [Information] Request starting "HTTP/1.1" "GET" "http"://"localhost:5244""""/swagger/index.js""" - null null
2024-08-20 17:22:29 [Information] Request starting "HTTP/1.1" "GET" "http"://"localhost:5244""""/_vs/browserLink""" - null null
2024-08-20 17:22:29 [Information] Request finished "HTTP/1.1" "GET" "http"://"localhost:5244""""/_framework/aspnetcore-browser-refresh.js""" - 200 13742 "application/javascript; charset=utf-8" 16.9939ms
2024-08-20 17:22:29 [Information] ****Middleware**** Incoming request: "GET" "/swagger/index.js" with Body: ""
2024-08-20 17:22:29 [Information] No cached response available for this request.
2024-08-20 17:22:29 [Information] The response could not be cached for this request.
2024-08-20 17:22:29 [Information] ****Middleware**** Outgoing response: 200 with Body: "/* Source: https://gist.github.com/lamberta/3768814
 * Parse a string function definition and return a function object. Does not use eval.
 * @param {string} str
 * @return {function}
 *
 * Example:
 *  var f = function (x, y) { return x * y; };
 *  var g = parseFunction(f.toString());
 *  g(33, 3); //=> 99
 */
function parseFunction(str) {
    if (!str) return void (0);

    var fn_body_idx = str.indexOf('{'),
        fn_body = str.substring(fn_body_idx + 1, str.lastIndexOf('}')),
        fn_declare = str.substring(0, fn_body_idx),
        fn_params = fn_declare.substring(fn_declare.indexOf('(') + 1, fn_declare.lastIndexOf(')')),
        args = fn_params.split(',');

    args.push(fn_body);

    function Fn() {
        return Function.apply(this, args);
    }
    Fn.prototype = Function.prototype;

    return new Fn();
}

window.onload = function () {
    var configObject = JSON.parse('{\"urls\":[{\"url\":\"v1/swagger.json\",\"name\":\"API v1\"}],\"deepLinking\":false,\"persistAuthorization\":false,\"displayOperationId\":false,\"defaultModelsExpandDepth\":1,\"defaultModelExpandDepth\":1,\"defaultModelRendering\":\"example\",\"displayRequestDuration\":false,\"docExpansion\":\"list\",\"showExtensions\":false,\"showCommonExtensions\":false,\"supportedSubmitMethods\":[\"get\",\"put\",\"post\",\"delete\",\"options\",\"head\",\"patch\",\"trace\"],\"tryItOutEnabled\":false}');
    var oauthConfigObject = JSON.parse('{\"scopeSeparator\":\" \",\"scopes\":[],\"useBasicAuthenticationWithAccessCodeGrant\":false,\"usePkceWithAuthorizationCodeGrant\":false}');

    // Workaround for https://github.com/swagger-api/swagger-ui/issues/5945
    configObject.urls.forEach(function (item) {
        if (item.url.startsWith(\"http\") || item.url.startsWith(\"/\")) return;
        item.url = window.location.href.replace(\"index.html\", item.url).split('#')[0];
    });

    // If validatorUrl is not explicitly provided, disable the feature by setting to null
    if (!configObject.hasOwnProperty(\"validatorUrl\"))
        configObject.validatorUrl = null

    // If oauth2RedirectUrl isn't specified, use the built-in default
    if (!configObject.hasOwnProperty(\"oauth2RedirectUrl\"))
        configObject.oauth2RedirectUrl = (new URL(\"oauth2-redirect.html\", window.location.href)).href;

    // Apply mandatory parameters
    configObject.dom_id = \"#swagger-ui\";
    configObject.presets = [SwaggerUIBundle.presets.apis, SwaggerUIStandalonePreset];
    configObject.layout = \"StandaloneLayout\";

    // Parse and add interceptor functions
    var interceptors = JSON.parse('{}');
    if (interceptors.RequestInterceptorFunction)
        configObject.requestInterceptor = parseFunction(interceptors.RequestInterceptorFunction);
    if (interceptors.ResponseInterceptorFunction)
        configObject.responseInterceptor = parseFunction(interceptors.ResponseInterceptorFunction);

    // Begin Swagger UI call region

    const ui = SwaggerUIBundle(configObject);

    ui.initOAuth(oauthConfigObject);

    // End Swagger UI call region

    window.ui = ui
}
"
2024-08-20 17:22:29 [Information] HTTP "GET" "/swagger/index.js" responded 200 in 20.4355 ms
2024-08-20 17:22:29 [Information] Request finished "HTTP/1.1" "GET" "http"://"localhost:5244""""/swagger/index.js""" - 200 null "application/javascript;charset=utf-8" 38.3053ms
2024-08-20 17:22:29 [Information] Request finished "HTTP/1.1" "GET" "http"://"localhost:5244""""/_vs/browserLink""" - 200 null "text/javascript; charset=UTF-8" 54.7467ms
2024-08-20 17:22:30 [Information] Request starting "HTTP/1.1" "GET" "http"://"localhost:5244""""/swagger/v1/swagger.json""" - null null
2024-08-20 17:22:30 [Information] ****Middleware**** Incoming request: "GET" "/swagger/v1/swagger.json" with Body: ""
2024-08-20 17:22:30 [Information] No cached response available for this request.
2024-08-20 17:22:30 [Information] The response could not be cached for this request.
2024-08-20 17:22:30 [Information] ****Middleware**** Outgoing response: 200 with Body: "{
  \"openapi\": \"3.0.1\",
  \"info\": {
    \"title\": \"API\",
    \"version\": \"1.0\"
  },
  \"paths\": {
    \"/api/deposit\": {
      \"post\": {
        \"tags\": [
          \"Deposit\"
        ],
        \"requestBody\": {
          \"content\": {
            \"application/json\": {
              \"schema\": {
                \"$ref\": \"#/components/schemas/DepositRequest\"
              }
            },
            \"text/json\": {
              \"schema\": {
                \"$ref\": \"#/components/schemas/DepositRequest\"
              }
            },
            \"application/*+json\": {
              \"schema\": {
                \"$ref\": \"#/components/schemas/DepositRequest\"
              }
            }
          }
        },
        \"responses\": {
          \"200\": {
            \"description\": \"OK\"
          }
        }
      }
    },
    \"/api/orders/cancel\": {
      \"post\": {
        \"tags\": [
          \"Order\"
        ],
        \"requestBody\": {
          \"content\": {
            \"application/json\": {
              \"schema\": {
                \"$ref\": \"#/components/schemas/CancelOrderRequest\"
              }
            },
            \"text/json\": {
              \"schema\": {
                \"$ref\": \"#/components/schemas/CancelOrderRequest\"
              }
            },
            \"application/*+json\": {
              \"schema\": {
                \"$ref\": \"#/components/schemas/CancelOrderRequest\"
              }
            }
          }
        },
        \"responses\": {
          \"200\": {
            \"description\": \"OK\"
          }
        }
      }
    },
    \"/api/orders/place\": {
      \"post\": {
        \"tags\": [
          \"Order\"
        ],
        \"requestBody\": {
          \"content\": {
            \"application/json\": {
              \"schema\": {
                \"$ref\": \"#/components/schemas/GiveOrderRequest\"
              }
            },
            \"text/json\": {
              \"schema\": {
                \"$ref\": \"#/components/schemas/GiveOrderRequest\"
              }
            },
            \"application/*+json\": {
              \"schema\": {
                \"$ref\": \"#/components/schemas/GiveOrderRequest\"
              }
            }
          }
        },
        \"responses\": {
          \"200\": {
            \"description\": \"OK\"
          }
        }
      }
    },
    \"/api/stocks/portfolio\": {
      \"get\": {
        \"tags\": [
          \"Stock\"
        ],
        \"parameters\": [
          {
            \"name\": \"UserId\",
            \"in\": \"query\",
            \"schema\": {
              \"type\": \"string\",
              \"format\": \"uuid\",
              \"default\": \"3aa42229-1c0f-4630-8c1a-db879ecd0427\"
            }
          }
        ],
        \"responses\": {
          \"200\": {
            \"description\": \"OK\"
          }
        }
      }
    },
    \"/api/stocks/sell\": {
      \"post\": {
        \"tags\": [
          \"Stock\"
        ],
        \"requestBody\": {
          \"content\": {
            \"application/json\": {
              \"schema\": {
                \"$ref\": \"#/components/schemas/SellStockRequest\"
              }
            },
            \"text/json\": {
              \"schema\": {
                \"$ref\": \"#/components/schemas/SellStockRequest\"
              }
            },
            \"application/*+json\": {
              \"schema\": {
                \"$ref\": \"#/components/schemas/SellStockRequest\"
              }
            }
          }
        },
        \"responses\": {
          \"200\": {
            \"description\": \"OK\"
          }
        }
      }
    },
    \"/api/stocks/buy\": {
      \"post\": {
        \"tags\": [
          \"Stock\"
        ],
        \"requestBody\": {
          \"content\": {
            \"application/json\": {
              \"schema\": {
                \"$ref\": \"#/components/schemas/BuyStockRequest\"
              }
            },
            \"text/json\": {
              \"schema\": {
                \"$ref\": \"#/components/schemas/BuyStockRequest\"
              }
            },
            \"application/*+json\": {
              \"schema\": {
                \"$ref\": \"#/components/schemas/BuyStockRequest\"
              }
            }
          }
        },
        \"responses\": {
          \"200\": {
            \"description\": \"OK\"
          }
        }
      }
    },
    \"/api/stocks/price-alert\": {
      \"post\": {
        \"tags\": [
          \"Stock\"
        ],
        \"requestBody\": {
          \"content\": {
            \"application/json\": {
              \"schema\": {
                \"$ref\": \"#/components/schemas/SetPriceAlertRequest\"
              }
            },
            \"text/json\": {
              \"schema\": {
                \"$ref\": \"#/components/schemas/SetPriceAlertRequest\"
              }
            },
            \"application/*+json\": {
              \"schema\": {
                \"$ref\": \"#/components/schemas/SetPriceAlertRequest\"
              }
            }
          }
        },
        \"responses\": {
          \"200\": {
            \"description\": \"OK\"
          }
        }
      }
    },
    \"/api/StockApi/price\": {
      \"get\": {
        \"tags\": [
          \"StockApi\"
        ],
        \"parameters\": [
          {
            \"name\": \"symbol\",
            \"in\": \"query\",
            \"schema\": {
              \"type\": \"string\"
            }
          }
        ],
        \"responses\": {
          \"200\": {
            \"description\": \"OK\"
          }
        }
      }
    },
    \"/api/StockApi/market-news\": {
      \"get\": {
        \"tags\": [
          \"StockApi\"
        ],
        \"parameters\": [
          {
            \"name\": \"Category\",
            \"in\": \"query\",
            \"schema\": {
              \"type\": \"string\",
              \"default\": \"general\"
            }
          },
          {
            \"name\": \"MinId\",
            \"in\": \"query\",
            \"schema\": {
              \"type\": \"integer\",
              \"format\": \"int32\",
              \"default\": 0
            }
          },
          {
            \"name\": \"Page\",
            \"in\": \"query\",
            \"schema\": {
              \"type\": \"integer\",
              \"format\": \"int32\",
              \"default\": 1
            }
          },
          {
            \"name\": \"PageSize\",
            \"in\": \"query\",
            \"schema\": {
              \"type\": \"integer\",
              \"format\": \"int32\",
              \"default\": 10
            }
          }
        ],
        \"responses\": {
          \"200\": {
            \"description\": \"OK\"
          }
        }
      }
    },
    \"/api/StockApi/company-news\": {
      \"get\": {
        \"tags\": [
          \"StockApi\"
        ],
        \"parameters\": [
          {
            \"name\": \"Symbol\",
            \"in\": \"query\",
            \"schema\": {
              \"type\": \"string\",
              \"default\": \"AAPL\"
            }
          },
          {
            \"name\": \"From\",
            \"in\": \"query\",
            \"schema\": {
              \"type\": \"string\",
              \"default\": \"2021-01-01\"
            }
          },
          {
            \"name\": \"To\",
            \"in\": \"query\",
            \"schema\": {
              \"type\": \"string\",
              \"default\": \"2024-01-01\"
            }
          },
          {
            \"name\": \"Page\",
            \"in\": \"query\",
            \"schema\": {
              \"type\": \"integer\",
              \"format\": \"int32\",
              \"default\": 1
            }
          },
          {
            \"name\": \"PageSize\",
            \"in\": \"query\",
            \"schema\": {
              \"type\": \"integer\",
              \"format\": \"int32\",
              \"default\": 10
            }
          }
        ],
        \"responses\": {
          \"200\": {
            \"description\": \"OK\"
          }
        }
      }
    },
    \"/api/users/confirm-email\": {
      \"get\": {
        \"tags\": [
          \"User\"
        ],
        \"parameters\": [
          {
            \"name\": \"email\",
            \"in\": \"query\",
            \"schema\": {
              \"type\": \"string\"
            }
          },
          {
            \"name\": \"token\",
            \"in\": \"query\",
            \"schema\": {
              \"type\": \"string\"
            }
          }
        ],
        \"responses\": {
          \"200\": {
            \"description\": \"OK\"
          }
        }
      }
    },
    \"/api/users/login\": {
      \"post\": {
        \"tags\": [
          \"User\"
        ],
        \"requestBody\": {
          \"content\": {
            \"application/json\": {
              \"schema\": {
                \"$ref\": \"#/components/schemas/LoginRequest\"
              }
            },
            \"text/json\": {
              \"schema\": {
                \"$ref\": \"#/components/schemas/LoginRequest\"
              }
            },
            \"application/*+json\": {
              \"schema\": {
                \"$ref\": \"#/components/schemas/LoginRequest\"
              }
            }
          }
        },
        \"responses\": {
          \"200\": {
            \"description\": \"OK\"
          }
        }
      }
    },
    \"/api/users/register\": {
      \"post\": {
        \"tags\": [
          \"User\"
        ],
        \"requestBody\": {
          \"content\": {
            \"application/json\": {
              \"schema\": {
                \"$ref\": \"#/components/schemas/RegisterRequest\"
              }
            },
            \"text/json\": {
              \"schema\": {
                \"$ref\": \"#/components/schemas/RegisterRequest\"
              }
            },
            \"application/*+json\": {
              \"schema\": {
                \"$ref\": \"#/components/schemas/RegisterRequest\"
              }
            }
          }
        },
        \"responses\": {
          \"200\": {
            \"description\": \"OK\"
          }
        }
      }
    },
    \"/api/users/update\": {
      \"put\": {
        \"tags\": [
          \"User\"
        ],
        \"requestBody\": {
          \"content\": {
            \"application/json\": {
              \"schema\": {
                \"$ref\": \"#/components/schemas/UserUpdateRequest\"
              }
            },
            \"text/json\": {
              \"schema\": {
                \"$ref\": \"#/components/schemas/UserUpdateRequest\"
              }
            },
            \"application/*+json\": {
              \"schema\": {
                \"$ref\": \"#/components/schemas/UserUpdateRequest\"
              }
            }
          }
        },
        \"responses\": {
          \"200\": {
            \"description\": \"OK\"
          }
        }
      }
    },
    \"/api/withdrawal\": {
      \"post\": {
        \"tags\": [
          \"Withdrawal\"
        ],
        \"requestBody\": {
          \"content\": {
            \"application/json\": {
              \"schema\": {
                \"$ref\": \"#/components/schemas/WithdrawalRequest\"
              }
            },
            \"text/json\": {
              \"schema\": {
                \"$ref\": \"#/components/schemas/WithdrawalRequest\"
              }
            },
            \"application/*+json\": {
              \"schema\": {
                \"$ref\": \"#/components/schemas/WithdrawalRequest\"
              }
            }
          }
        },
        \"responses\": {
          \"200\": {
            \"description\": \"OK\"
          }
        }
      }
    }
  },
  \"components\": {
    \"schemas\": {
      \"AlertType\": {
        \"enum\": [
          0,
          1
        ],
        \"type\": \"integer\",
        \"format\": \"int32\"
      },
      \"BuyStockRequest\": {
        \"type\": \"object\",
        \"properties\": {
          \"userId\": {
            \"type\": \"string\",
            \"format\": \"uuid\",
            \"default\": \"3aa42229-1c0f-4630-8c1a-db879ecd0427\"
          },
          \"stockSymbol\": {
            \"type\": \"string\",
            \"default\": \"AAPL\",
            \"nullable\": true
          },
          \"quantity\": {
            \"type\": \"integer\",
            \"format\": \"int32\",
            \"default\": 1
          }
        },
        \"additionalProperties\": false
      },
      \"CancelOrderRequest\": {
        \"type\": \"object\",
        \"properties\": {
          \"orderId\": {
            \"type\": \"string\",
            \"format\": \"uuid\"
          },
          \"userId\": {
            \"type\": \"string\",
            \"format\": \"uuid\",
            \"default\": \"3aa42229-1c0f-4630-8c1a-db879ecd0427\"
          }
        },
        \"additionalProperties\": false
      },
      \"DepositRequest\": {
        \"type\": \"object\",
        \"properties\": {
          \"userId\": {
            \"type\": \"string\",
            \"format\": \"uuid\",
            \"default\": \"3aa42229-1c0f-4630-8c1a-db879ecd0427\"
          },
          \"amount\": {
            \"type\": \"number\",
            \"format\": \"double\",
            \"default\": 100
          },
          \"currency\": {
            \"type\": \"string\",
            \"default\": \"TRY\",
            \"nullable\": true
          }
        },
        \"additionalProperties\": false
      },
      \"GiveOrderRequest\": {
        \"type\": \"object\",
        \"properties\": {
          \"userId\": {
            \"type\": \"string\",
            \"format\": \"uuid\",
            \"default\": \"3aa42229-1c0f-4630-8c1a-db879ecd0427\"
          },
          \"stockSymbol\": {
            \"type\": \"string\",
            \"default\": \"AAPL\",
            \"nullable\": true
          },
          \"quantity\": {
            \"type\": \"integer\",
            \"format\": \"int32\",
            \"default\": 1
          },
          \"targetPrice\": {
            \"type\": \"number\",
            \"format\": \"double\",
            \"default\": 150
          },
          \"orderType\": {
            \"$ref\": \"#/components/schemas/OrderType\"
          }
        },
        \"additionalProperties\": false
      },
      \"LoginRequest\": {
        \"type\": \"object\",
        \"properties\": {
          \"email\": {
            \"type\": \"string\",
            \"default\": \"kerimcanmersin@gmail.com\",
            \"nullable\": true
          },
          \"password\": {
            \"type\": \"string\",
            \"default\": \"19071907\",
            \"nullable\": true
          }
        },
        \"additionalProperties\": false
      },
      \"OrderType\": {
        \"enum\": [
          0,
          1
        ],
        \"type\": \"integer\",
        \"format\": \"int32\"
      },
      \"RegisterRequest\": {
        \"type\": \"object\",
        \"properties\": {
          \"email\": {
            \"type\": \"string\",
            \"default\": \"kcanmersin@gmail.com\",
            \"nullable\": true
          },
          \"password\": {
            \"type\": \"string\",
            \"default\": \"19071907\",
            \"nullable\": true
          },
          \"firstName\": {
            \"type\": \"string\",
            \"default\": \"Can\",
            \"nullable\": true
          },
          \"lastName\": {
            \"type\": \"string\",
            \"default\": \"Mersin\",
            \"nullable\": true
          },
          \"phoneNumber\": {
            \"type\": \"string\",
            \"default\": \"+1234567890\",
            \"nullable\": true
          },
          \"roleName\": {
            \"type\": \"string\",
            \"default\": \"User\",
            \"nullable\": true
          }
        },
        \"additionalProperties\": false
      },
      \"SellStockRequest\": {
        \"type\": \"object\",
        \"properties\": {
          \"userId\": {
            \"type\": \"string\",
            \"format\": \"uuid\",
            \"default\": \"3aa42229-1c0f-4630-8c1a-db879ecd0427\"
          },
          \"stockSymbol\": {
            \"type\": \"string\",
            \"default\": \"AAPL\",
            \"nullable\": true
          },
          \"quantity\": {
            \"type\": \"integer\",
            \"format\": \"int32\",
            \"default\": 1
          }
        },
        \"additionalProperties\": false
      },
      \"SetPriceAlertRequest\": {
        \"type\": \"object\",
        \"properties\": {
          \"userId\": {
            \"type\": \"string\",
            \"format\": \"uuid\",
            \"default\": \"3aa42229-1c0f-4630-8c1a-db879ecd0427\"
          },
          \"stockSymbol\": {
            \"type\": \"string\",
            \"default\": \"AAPL\",
            \"nullable\": true
          },
          \"targetPrice\": {
            \"type\": \"number\",
            \"format\": \"double\",
            \"default\": 100
          },
          \"alertType\": {
            \"$ref\": \"#/components/schemas/AlertType\"
          }
        },
        \"additionalProperties\": false
      },
      \"UserUpdateRequest\": {
        \"type\": \"object\",
        \"properties\": {
          \"userId\": {
            \"type\": \"string\",
            \"format\": \"uuid\",
            \"default\": \"657c6705-0728-4dfc-8019-ea59c42f984f\"
          },
          \"email\": {
            \"type\": \"string\",
            \"default\": \"kerimcanmersin@gmail.com\",
            \"nullable\": true
          },
          \"firstName\": {
            \"type\": \"string\",
            \"default\": \"Can\",
            \"nullable\": true
          },
          \"lastName\": {
            \"type\": \"string\",
            \"default\": \"Mersin\",
            \"nullable\": true
          },
          \"phoneNumber\": {
            \"type\": \"string\",
            \"default\": \"+1234567890\",
            \"nullable\": true
          },
          \"imagePath\": {
            \"type\": \"string\",
            \"default\": \"/API/defaultlogo.jpg\",
            \"nullable\": true
          }
        },
        \"additionalProperties\": false
      },
      \"WithdrawalRequest\": {
        \"type\": \"object\",
        \"properties\": {
          \"userId\": {
            \"type\": \"string\",
            \"format\": \"uuid\",
            \"default\": \"3aa42229-1c0f-4630-8c1a-db879ecd0427\"
          },
          \"amountInUSD\": {
            \"type\": \"number\",
            \"format\": \"double\",
            \"default\": 100
          },
          \"targetCurrency\": {
            \"type\": \"string\",
            \"default\": \"TRY\",
            \"nullable\": true
          }
        },
        \"additionalProperties\": false
      }
    }
  }
}"
2024-08-20 17:22:30 [Information] HTTP "GET" "/swagger/v1/swagger.json" responded 200 in 174.1182 ms
2024-08-20 17:22:30 [Information] Request finished "HTTP/1.1" "GET" "http"://"localhost:5244""""/swagger/v1/swagger.json""" - 200 null "application/json;charset=utf-8" 181.4559ms
2024-08-20 17:22:44 [Information] Server desktop-ihebt3k:23564:d9cc60fe successfully announced in 70,4562 ms
2024-08-20 17:22:44 [Information] Server desktop-ihebt3k:23564:d9cc60fe is starting the registered dispatchers: ServerWatchdog, ServerJobCancellationWatcher, ExpirationManager, CountersAggregator, Worker, DelayedJobScheduler, RecurringJobScheduler...
2024-08-20 17:22:44 [Information] Server desktop-ihebt3k:23564:d9cc60fe all the dispatchers started
2024-08-20 17:22:44 [Information] Execution BackgroundServerProcess recovered from the Failed state after 00:00:15.1997160 and is in the Running state now
2024-08-20 17:22:45 [Error] Execution Worker is in the Failed state now due to an exception, execution will be retried no more than in 00:05:00
Npgsql.PostgresException (0x80004005): 53300: sorry, too many clients already
   at Npgsql.Internal.NpgsqlConnector.ReadMessageLong(Boolean async, DataRowLoadingMode dataRowLoadingMode, Boolean readingNotifications, Boolean isReadingPrependedMessage)
   at System.Runtime.CompilerServices.PoolingAsyncValueTaskMethodBuilder`1.StateMachineBox`1.System.Threading.Tasks.Sources.IValueTaskSource<TResult>.GetResult(Int16 token)
   at Npgsql.Internal.NpgsqlConnector.Authenticate(String username, NpgsqlTimeout timeout, Boolean async, CancellationToken cancellationToken)
   at Npgsql.Internal.NpgsqlConnector.<Open>g__OpenCore|213_1(NpgsqlConnector conn, SslMode sslMode, NpgsqlTimeout timeout, Boolean async, CancellationToken cancellationToken, Boolean isFirstAttempt)
   at Npgsql.Internal.NpgsqlConnector.Open(NpgsqlTimeout timeout, Boolean async, CancellationToken cancellationToken)
   at Npgsql.PoolingDataSource.OpenNewConnector(NpgsqlConnection conn, NpgsqlTimeout timeout, Boolean async, CancellationToken cancellationToken)
   at Npgsql.PoolingDataSource.<Get>g__RentAsync|34_0(NpgsqlConnection conn, NpgsqlTimeout timeout, Boolean async, CancellationToken cancellationToken)
   at Npgsql.NpgsqlConnection.<Open>g__OpenAsync|42_0(Boolean async, CancellationToken cancellationToken)
   at Npgsql.NpgsqlConnection.Open()
   at Hangfire.PostgreSql.PostgreSqlStorage.CreateAndOpenConnection()
   at Hangfire.PostgreSql.PostgreSqlJobQueue.<>c__DisplayClass13_0.<Dequeue_Transaction>b__0()
   at Hangfire.PostgreSql.Utils.Utils.TryExecute[T](Func`1 func, T& result, Func`2 swallowException, Nullable`1 tryCount)
   at Hangfire.PostgreSql.PostgreSqlJobQueue.Dequeue_Transaction(String[] queues, CancellationToken cancellationToken)
   at Hangfire.PostgreSql.PostgreSqlJobQueue.Dequeue(String[] queues, CancellationToken cancellationToken)
   at Hangfire.PostgreSql.PostgreSqlConnection.FetchNextJob(String[] queues, CancellationToken cancellationToken)
   at Hangfire.Server.Worker.Execute(BackgroundProcessContext context) in C:\projects\hangfire-525\src\Hangfire.Core\Server\Worker.cs:line 102
   at Hangfire.Server.BackgroundProcessDispatcherBuilder.ExecuteProcess(Guid executionId, Object state) in C:\projects\hangfire-525\src\Hangfire.Core\Server\BackgroundProcessDispatcherBuilder.cs:line 82
   at Hangfire.Processing.BackgroundExecution.Run(Action`2 callback, Object state) in C:\projects\hangfire-525\src\Hangfire.Core\Processing\BackgroundExecution.cs:line 118
  Exception data:
    Severity: FATAL
    SqlState: 53300
    MessageText: sorry, too many clients already
    File: proc.c
    Line: 351
    Routine: InitProcess
2024-08-20 17:22:46 [Information] Execution RecurringJobScheduler recovered from the Faulted state after 00:00:16.8163910 and is in the Running state now
2024-08-20 17:22:46 [Information] Execution DelayedJobScheduler recovered from the Faulted state after 00:00:16.8463806 and is in the Running state now
2024-08-20 17:23:02 [Information] Execution DelayedJobScheduler recovered from the Faulted state after 00:00:16.7616587 and is in the Running state now
2024-08-20 17:23:03 [Information] Executed DbCommand ("62"ms) [Parameters=[""], CommandType='Text', CommandTimeout='30']"
""SELECT o.\"Id\", o.\"CreatedBy\", o.\"CreatedDate\", o.\"DeletedBy\", o.\"DeletedDate\", o.\"IsDeleted\", o.\"ModifiedBy\", o.\"ModifiedDate\", o.\"OrderId\", o.\"Status\", o0.\"Id\", o0.\"CreatedBy\", o0.\"CreatedDate\", o0.\"DeletedBy\", o0.\"DeletedDate\", o0.\"IsDeleted\", o0.\"ModifiedBy\", o0.\"ModifiedDate\", o0.\"OrderType\", o0.\"Quantity\", o0.\"StockSymbol\", o0.\"TargetPrice\", o0.\"UserId\"
FROM \"OrderProcesses\" AS o
INNER JOIN \"Orders\" AS o0 ON o.\"OrderId\" = o0.\"Id\"
WHERE o.\"Status\" = 0"
2024-08-20 17:23:04 [Information] Start processing HTTP request "GET" "https://finnhub.io/api/v1/quote?symbol=AAPL&token=cqosfapr01qqj5dme8e0cqosfapr01qqj5dme8eg"
2024-08-20 17:23:04 [Information] Sending HTTP request "GET" "https://finnhub.io/api/v1/quote?symbol=AAPL&token=cqosfapr01qqj5dme8e0cqosfapr01qqj5dme8eg"
2024-08-20 17:23:04 [Information] Received HTTP response headers after 460.9401ms - 200
2024-08-20 17:23:04 [Information] End processing HTTP request after 472.246ms - 200
2024-08-20 17:23:05 [Information] Execution Worker recovered from the Failed state after 00:00:20.0353676 and is in the Running state now
2024-08-20 17:24:05 [Information] Executed DbCommand ("58"ms) [Parameters=[""], CommandType='Text', CommandTimeout='30']"
""SELECT o.\"Id\", o.\"CreatedBy\", o.\"CreatedDate\", o.\"DeletedBy\", o.\"DeletedDate\", o.\"IsDeleted\", o.\"ModifiedBy\", o.\"ModifiedDate\", o.\"OrderId\", o.\"Status\", o0.\"Id\", o0.\"CreatedBy\", o0.\"CreatedDate\", o0.\"DeletedBy\", o0.\"DeletedDate\", o0.\"IsDeleted\", o0.\"ModifiedBy\", o0.\"ModifiedDate\", o0.\"OrderType\", o0.\"Quantity\", o0.\"StockSymbol\", o0.\"TargetPrice\", o0.\"UserId\"
FROM \"OrderProcesses\" AS o
INNER JOIN \"Orders\" AS o0 ON o.\"OrderId\" = o0.\"Id\"
WHERE o.\"Status\" = 0"
2024-08-20 17:24:05 [Information] Start processing HTTP request "GET" "https://finnhub.io/api/v1/quote?symbol=AAPL&token=cqosfapr01qqj5dme8e0cqosfapr01qqj5dme8eg"
2024-08-20 17:24:05 [Information] Sending HTTP request "GET" "https://finnhub.io/api/v1/quote?symbol=AAPL&token=cqosfapr01qqj5dme8e0cqosfapr01qqj5dme8eg"
2024-08-20 17:24:06 [Information] Received HTTP response headers after 308.8421ms - 200
2024-08-20 17:24:06 [Information] End processing HTTP request after 313.0579ms - 200
2024-08-20 17:25:08 [Information] Executed DbCommand ("57"ms) [Parameters=[""], CommandType='Text', CommandTimeout='30']"
""SELECT o.\"Id\", o.\"CreatedBy\", o.\"CreatedDate\", o.\"DeletedBy\", o.\"DeletedDate\", o.\"IsDeleted\", o.\"ModifiedBy\", o.\"ModifiedDate\", o.\"OrderId\", o.\"Status\", o0.\"Id\", o0.\"CreatedBy\", o0.\"CreatedDate\", o0.\"DeletedBy\", o0.\"DeletedDate\", o0.\"IsDeleted\", o0.\"ModifiedBy\", o0.\"ModifiedDate\", o0.\"OrderType\", o0.\"Quantity\", o0.\"StockSymbol\", o0.\"TargetPrice\", o0.\"UserId\"
FROM \"OrderProcesses\" AS o
INNER JOIN \"Orders\" AS o0 ON o.\"OrderId\" = o0.\"Id\"
WHERE o.\"Status\" = 0"
2024-08-20 17:25:08 [Information] Start processing HTTP request "GET" "https://finnhub.io/api/v1/quote?symbol=AAPL&token=cqosfapr01qqj5dme8e0cqosfapr01qqj5dme8eg"
2024-08-20 17:25:08 [Information] Sending HTTP request "GET" "https://finnhub.io/api/v1/quote?symbol=AAPL&token=cqosfapr01qqj5dme8e0cqosfapr01qqj5dme8eg"
2024-08-20 17:25:09 [Information] Received HTTP response headers after 328.3643ms - 200
2024-08-20 17:25:09 [Information] End processing HTTP request after 334.4962ms - 200
2024-08-20 17:26:11 [Information] Executed DbCommand ("61"ms) [Parameters=[""], CommandType='Text', CommandTimeout='30']"
""SELECT o.\"Id\", o.\"CreatedBy\", o.\"CreatedDate\", o.\"DeletedBy\", o.\"DeletedDate\", o.\"IsDeleted\", o.\"ModifiedBy\", o.\"ModifiedDate\", o.\"OrderId\", o.\"Status\", o0.\"Id\", o0.\"CreatedBy\", o0.\"CreatedDate\", o0.\"DeletedBy\", o0.\"DeletedDate\", o0.\"IsDeleted\", o0.\"ModifiedBy\", o0.\"ModifiedDate\", o0.\"OrderType\", o0.\"Quantity\", o0.\"StockSymbol\", o0.\"TargetPrice\", o0.\"UserId\"
FROM \"OrderProcesses\" AS o
INNER JOIN \"Orders\" AS o0 ON o.\"OrderId\" = o0.\"Id\"
WHERE o.\"Status\" = 0"
2024-08-20 17:26:11 [Information] Start processing HTTP request "GET" "https://finnhub.io/api/v1/quote?symbol=AAPL&token=cqosfapr01qqj5dme8e0cqosfapr01qqj5dme8eg"
2024-08-20 17:26:11 [Information] Sending HTTP request "GET" "https://finnhub.io/api/v1/quote?symbol=AAPL&token=cqosfapr01qqj5dme8e0cqosfapr01qqj5dme8eg"
2024-08-20 17:26:12 [Information] Received HTTP response headers after 307.3909ms - 200
2024-08-20 17:26:12 [Information] End processing HTTP request after 310.3917ms - 200
2024-08-20 17:27:14 [Information] Executed DbCommand ("57"ms) [Parameters=[""], CommandType='Text', CommandTimeout='30']"
""SELECT o.\"Id\", o.\"CreatedBy\", o.\"CreatedDate\", o.\"DeletedBy\", o.\"DeletedDate\", o.\"IsDeleted\", o.\"ModifiedBy\", o.\"ModifiedDate\", o.\"OrderId\", o.\"Status\", o0.\"Id\", o0.\"CreatedBy\", o0.\"CreatedDate\", o0.\"DeletedBy\", o0.\"DeletedDate\", o0.\"IsDeleted\", o0.\"ModifiedBy\", o0.\"ModifiedDate\", o0.\"OrderType\", o0.\"Quantity\", o0.\"StockSymbol\", o0.\"TargetPrice\", o0.\"UserId\"
FROM \"OrderProcesses\" AS o
INNER JOIN \"Orders\" AS o0 ON o.\"OrderId\" = o0.\"Id\"
WHERE o.\"Status\" = 0"
2024-08-20 17:27:14 [Information] Start processing HTTP request "GET" "https://finnhub.io/api/v1/quote?symbol=AAPL&token=cqosfapr01qqj5dme8e0cqosfapr01qqj5dme8eg"
2024-08-20 17:27:14 [Information] Sending HTTP request "GET" "https://finnhub.io/api/v1/quote?symbol=AAPL&token=cqosfapr01qqj5dme8e0cqosfapr01qqj5dme8eg"
2024-08-20 17:27:15 [Information] Received HTTP response headers after 348.904ms - 200
2024-08-20 17:27:15 [Information] End processing HTTP request after 357.4769ms - 200
2024-08-20 17:27:28 [Information] 4 servers were removed due to timeout
2024-08-20 17:27:46 [Information] Execution ServerWatchdog recovered from the Faulted state after 00:05:01.4480369 and is in the Running state now
2024-08-20 17:27:46 [Information] Execution CountersAggregator recovered from the Faulted state after 00:05:01.4698785 and is in the Running state now
2024-08-20 17:28:02 [Information] Executed DbCommand ("60"ms) [Parameters=[""], CommandType='Text', CommandTimeout='30']"
""SELECT o.\"Id\", o.\"CreatedBy\", o.\"CreatedDate\", o.\"DeletedBy\", o.\"DeletedDate\", o.\"IsDeleted\", o.\"ModifiedBy\", o.\"ModifiedDate\", o.\"OrderId\", o.\"Status\", o0.\"Id\", o0.\"CreatedBy\", o0.\"CreatedDate\", o0.\"DeletedBy\", o0.\"DeletedDate\", o0.\"IsDeleted\", o0.\"ModifiedBy\", o0.\"ModifiedDate\", o0.\"OrderType\", o0.\"Quantity\", o0.\"StockSymbol\", o0.\"TargetPrice\", o0.\"UserId\"
FROM \"OrderProcesses\" AS o
INNER JOIN \"Orders\" AS o0 ON o.\"OrderId\" = o0.\"Id\"
WHERE o.\"Status\" = 0"
2024-08-20 17:28:02 [Information] Start processing HTTP request "GET" "https://finnhub.io/api/v1/quote?symbol=AAPL&token=cqosfapr01qqj5dme8e0cqosfapr01qqj5dme8eg"
2024-08-20 17:28:02 [Information] Sending HTTP request "GET" "https://finnhub.io/api/v1/quote?symbol=AAPL&token=cqosfapr01qqj5dme8e0cqosfapr01qqj5dme8eg"
2024-08-20 17:28:03 [Information] Received HTTP response headers after 1115.2324ms - 200
2024-08-20 17:28:03 [Information] End processing HTTP request after 1118.9939ms - 200
2024-08-20 17:29:06 [Information] Executed DbCommand ("102"ms) [Parameters=[""], CommandType='Text', CommandTimeout='30']"
""SELECT o.\"Id\", o.\"CreatedBy\", o.\"CreatedDate\", o.\"DeletedBy\", o.\"DeletedDate\", o.\"IsDeleted\", o.\"ModifiedBy\", o.\"ModifiedDate\", o.\"OrderId\", o.\"Status\", o0.\"Id\", o0.\"CreatedBy\", o0.\"CreatedDate\", o0.\"DeletedBy\", o0.\"DeletedDate\", o0.\"IsDeleted\", o0.\"ModifiedBy\", o0.\"ModifiedDate\", o0.\"OrderType\", o0.\"Quantity\", o0.\"StockSymbol\", o0.\"TargetPrice\", o0.\"UserId\"
FROM \"OrderProcesses\" AS o
INNER JOIN \"Orders\" AS o0 ON o.\"OrderId\" = o0.\"Id\"
WHERE o.\"Status\" = 0"
2024-08-20 17:29:06 [Information] Start processing HTTP request "GET" "https://finnhub.io/api/v1/quote?symbol=AAPL&token=cqosfapr01qqj5dme8e0cqosfapr01qqj5dme8eg"
2024-08-20 17:29:06 [Information] Sending HTTP request "GET" "https://finnhub.io/api/v1/quote?symbol=AAPL&token=cqosfapr01qqj5dme8e0cqosfapr01qqj5dme8eg"
2024-08-20 17:29:07 [Information] Received HTTP response headers after 1145.5657ms - 200
2024-08-20 17:29:07 [Information] End processing HTTP request after 1150.4952ms - 200
2024-08-20 17:30:10 [Information] Executed DbCommand ("64"ms) [Parameters=[""], CommandType='Text', CommandTimeout='30']"
""SELECT o.\"Id\", o.\"CreatedBy\", o.\"CreatedDate\", o.\"DeletedBy\", o.\"DeletedDate\", o.\"IsDeleted\", o.\"ModifiedBy\", o.\"ModifiedDate\", o.\"OrderId\", o.\"Status\", o0.\"Id\", o0.\"CreatedBy\", o0.\"CreatedDate\", o0.\"DeletedBy\", o0.\"DeletedDate\", o0.\"IsDeleted\", o0.\"ModifiedBy\", o0.\"ModifiedDate\", o0.\"OrderType\", o0.\"Quantity\", o0.\"StockSymbol\", o0.\"TargetPrice\", o0.\"UserId\"
FROM \"OrderProcesses\" AS o
INNER JOIN \"Orders\" AS o0 ON o.\"OrderId\" = o0.\"Id\"
WHERE o.\"Status\" = 0"
2024-08-20 17:30:10 [Information] Start processing HTTP request "GET" "https://finnhub.io/api/v1/quote?symbol=AAPL&token=cqosfapr01qqj5dme8e0cqosfapr01qqj5dme8eg"
2024-08-20 17:30:10 [Information] Sending HTTP request "GET" "https://finnhub.io/api/v1/quote?symbol=AAPL&token=cqosfapr01qqj5dme8e0cqosfapr01qqj5dme8eg"
2024-08-20 17:30:10 [Information] Received HTTP response headers after 404.5251ms - 200
2024-08-20 17:30:10 [Information] End processing HTTP request after 412.4006ms - 200
2024-08-20 17:31:13 [Information] Executed DbCommand ("59"ms) [Parameters=[""], CommandType='Text', CommandTimeout='30']"
""SELECT o.\"Id\", o.\"CreatedBy\", o.\"CreatedDate\", o.\"DeletedBy\", o.\"DeletedDate\", o.\"IsDeleted\", o.\"ModifiedBy\", o.\"ModifiedDate\", o.\"OrderId\", o.\"Status\", o0.\"Id\", o0.\"CreatedBy\", o0.\"CreatedDate\", o0.\"DeletedBy\", o0.\"DeletedDate\", o0.\"IsDeleted\", o0.\"ModifiedBy\", o0.\"ModifiedDate\", o0.\"OrderType\", o0.\"Quantity\", o0.\"StockSymbol\", o0.\"TargetPrice\", o0.\"UserId\"
FROM \"OrderProcesses\" AS o
INNER JOIN \"Orders\" AS o0 ON o.\"OrderId\" = o0.\"Id\"
WHERE o.\"Status\" = 0"
2024-08-20 17:31:13 [Information] Start processing HTTP request "GET" "https://finnhub.io/api/v1/quote?symbol=AAPL&token=cqosfapr01qqj5dme8e0cqosfapr01qqj5dme8eg"
2024-08-20 17:31:13 [Information] Sending HTTP request "GET" "https://finnhub.io/api/v1/quote?symbol=AAPL&token=cqosfapr01qqj5dme8e0cqosfapr01qqj5dme8eg"
2024-08-20 17:31:14 [Information] Received HTTP response headers after 308.8999ms - 200
2024-08-20 17:31:14 [Information] End processing HTTP request after 313.5493ms - 200
2024-08-20 17:32:02 [Information] Executed DbCommand ("57"ms) [Parameters=[""], CommandType='Text', CommandTimeout='30']"
""SELECT o.\"Id\", o.\"CreatedBy\", o.\"CreatedDate\", o.\"DeletedBy\", o.\"DeletedDate\", o.\"IsDeleted\", o.\"ModifiedBy\", o.\"ModifiedDate\", o.\"OrderId\", o.\"Status\", o0.\"Id\", o0.\"CreatedBy\", o0.\"CreatedDate\", o0.\"DeletedBy\", o0.\"DeletedDate\", o0.\"IsDeleted\", o0.\"ModifiedBy\", o0.\"ModifiedDate\", o0.\"OrderType\", o0.\"Quantity\", o0.\"StockSymbol\", o0.\"TargetPrice\", o0.\"UserId\"
FROM \"OrderProcesses\" AS o
INNER JOIN \"Orders\" AS o0 ON o.\"OrderId\" = o0.\"Id\"
WHERE o.\"Status\" = 0"
2024-08-20 17:32:02 [Information] Start processing HTTP request "GET" "https://finnhub.io/api/v1/quote?symbol=AAPL&token=cqosfapr01qqj5dme8e0cqosfapr01qqj5dme8eg"
2024-08-20 17:32:02 [Information] Sending HTTP request "GET" "https://finnhub.io/api/v1/quote?symbol=AAPL&token=cqosfapr01qqj5dme8e0cqosfapr01qqj5dme8eg"
2024-08-20 17:32:02 [Information] Received HTTP response headers after 309.1971ms - 200
2024-08-20 17:32:02 [Information] End processing HTTP request after 313.9944ms - 200
2024-08-20 17:33:03 [Information] Executed DbCommand ("64"ms) [Parameters=[""], CommandType='Text', CommandTimeout='30']"
""SELECT o.\"Id\", o.\"CreatedBy\", o.\"CreatedDate\", o.\"DeletedBy\", o.\"DeletedDate\", o.\"IsDeleted\", o.\"ModifiedBy\", o.\"ModifiedDate\", o.\"OrderId\", o.\"Status\", o0.\"Id\", o0.\"CreatedBy\", o0.\"CreatedDate\", o0.\"DeletedBy\", o0.\"DeletedDate\", o0.\"IsDeleted\", o0.\"ModifiedBy\", o0.\"ModifiedDate\", o0.\"OrderType\", o0.\"Quantity\", o0.\"StockSymbol\", o0.\"TargetPrice\", o0.\"UserId\"
FROM \"OrderProcesses\" AS o
INNER JOIN \"Orders\" AS o0 ON o.\"OrderId\" = o0.\"Id\"
WHERE o.\"Status\" = 0"
2024-08-20 17:33:03 [Information] Start processing HTTP request "GET" "https://finnhub.io/api/v1/quote?symbol=AAPL&token=cqosfapr01qqj5dme8e0cqosfapr01qqj5dme8eg"
2024-08-20 17:33:03 [Information] Sending HTTP request "GET" "https://finnhub.io/api/v1/quote?symbol=AAPL&token=cqosfapr01qqj5dme8e0cqosfapr01qqj5dme8eg"
2024-08-20 17:33:03 [Information] Received HTTP response headers after 342.1163ms - 200
2024-08-20 17:33:03 [Information] End processing HTTP request after 345.153ms - 200
2024-08-20 17:33:04 [Information] Execution Worker recovered from the Faulted state after 00:00:15.5078519 and is in the Running state now
2024-08-20 17:34:06 [Information] Executed DbCommand ("76"ms) [Parameters=[""], CommandType='Text', CommandTimeout='30']"
""SELECT o.\"Id\", o.\"CreatedBy\", o.\"CreatedDate\", o.\"DeletedBy\", o.\"DeletedDate\", o.\"IsDeleted\", o.\"ModifiedBy\", o.\"ModifiedDate\", o.\"OrderId\", o.\"Status\", o0.\"Id\", o0.\"CreatedBy\", o0.\"CreatedDate\", o0.\"DeletedBy\", o0.\"DeletedDate\", o0.\"IsDeleted\", o0.\"ModifiedBy\", o0.\"ModifiedDate\", o0.\"OrderType\", o0.\"Quantity\", o0.\"StockSymbol\", o0.\"TargetPrice\", o0.\"UserId\"
FROM \"OrderProcesses\" AS o
INNER JOIN \"Orders\" AS o0 ON o.\"OrderId\" = o0.\"Id\"
WHERE o.\"Status\" = 0"
2024-08-20 17:34:06 [Information] Start processing HTTP request "GET" "https://finnhub.io/api/v1/quote?symbol=AAPL&token=cqosfapr01qqj5dme8e0cqosfapr01qqj5dme8eg"
2024-08-20 17:34:06 [Information] Sending HTTP request "GET" "https://finnhub.io/api/v1/quote?symbol=AAPL&token=cqosfapr01qqj5dme8e0cqosfapr01qqj5dme8eg"
2024-08-20 17:34:06 [Information] Received HTTP response headers after 302.3504ms - 200
2024-08-20 17:34:06 [Information] End processing HTTP request after 306.1748ms - 200
2024-08-20 17:35:08 [Information] Executed DbCommand ("67"ms) [Parameters=[""], CommandType='Text', CommandTimeout='30']"
""SELECT o.\"Id\", o.\"CreatedBy\", o.\"CreatedDate\", o.\"DeletedBy\", o.\"DeletedDate\", o.\"IsDeleted\", o.\"ModifiedBy\", o.\"ModifiedDate\", o.\"OrderId\", o.\"Status\", o0.\"Id\", o0.\"CreatedBy\", o0.\"CreatedDate\", o0.\"DeletedBy\", o0.\"DeletedDate\", o0.\"IsDeleted\", o0.\"ModifiedBy\", o0.\"ModifiedDate\", o0.\"OrderType\", o0.\"Quantity\", o0.\"StockSymbol\", o0.\"TargetPrice\", o0.\"UserId\"
FROM \"OrderProcesses\" AS o
INNER JOIN \"Orders\" AS o0 ON o.\"OrderId\" = o0.\"Id\"
WHERE o.\"Status\" = 0"
2024-08-20 17:35:08 [Information] Start processing HTTP request "GET" "https://finnhub.io/api/v1/quote?symbol=AAPL&token=cqosfapr01qqj5dme8e0cqosfapr01qqj5dme8eg"
2024-08-20 17:35:08 [Information] Sending HTTP request "GET" "https://finnhub.io/api/v1/quote?symbol=AAPL&token=cqosfapr01qqj5dme8e0cqosfapr01qqj5dme8eg"
2024-08-20 17:35:10 [Information] Received HTTP response headers after 1134.7875ms - 200
2024-08-20 17:35:10 [Information] End processing HTTP request after 1140.1984ms - 200
2024-08-20 17:36:11 [Information] Executed DbCommand ("57"ms) [Parameters=[""], CommandType='Text', CommandTimeout='30']"
""SELECT o.\"Id\", o.\"CreatedBy\", o.\"CreatedDate\", o.\"DeletedBy\", o.\"DeletedDate\", o.\"IsDeleted\", o.\"ModifiedBy\", o.\"ModifiedDate\", o.\"OrderId\", o.\"Status\", o0.\"Id\", o0.\"CreatedBy\", o0.\"CreatedDate\", o0.\"DeletedBy\", o0.\"DeletedDate\", o0.\"IsDeleted\", o0.\"ModifiedBy\", o0.\"ModifiedDate\", o0.\"OrderType\", o0.\"Quantity\", o0.\"StockSymbol\", o0.\"TargetPrice\", o0.\"UserId\"
FROM \"OrderProcesses\" AS o
INNER JOIN \"Orders\" AS o0 ON o.\"OrderId\" = o0.\"Id\"
WHERE o.\"Status\" = 0"
2024-08-20 17:36:11 [Information] Start processing HTTP request "GET" "https://finnhub.io/api/v1/quote?symbol=AAPL&token=cqosfapr01qqj5dme8e0cqosfapr01qqj5dme8eg"
2024-08-20 17:36:11 [Information] Sending HTTP request "GET" "https://finnhub.io/api/v1/quote?symbol=AAPL&token=cqosfapr01qqj5dme8e0cqosfapr01qqj5dme8eg"
2024-08-20 17:36:12 [Information] Received HTTP response headers after 313.1294ms - 200
2024-08-20 17:36:12 [Information] End processing HTTP request after 316.5012ms - 200
2024-08-20 17:37:14 [Information] Executed DbCommand ("57"ms) [Parameters=[""], CommandType='Text', CommandTimeout='30']"
""SELECT o.\"Id\", o.\"CreatedBy\", o.\"CreatedDate\", o.\"DeletedBy\", o.\"DeletedDate\", o.\"IsDeleted\", o.\"ModifiedBy\", o.\"ModifiedDate\", o.\"OrderId\", o.\"Status\", o0.\"Id\", o0.\"CreatedBy\", o0.\"CreatedDate\", o0.\"DeletedBy\", o0.\"DeletedDate\", o0.\"IsDeleted\", o0.\"ModifiedBy\", o0.\"ModifiedDate\", o0.\"OrderType\", o0.\"Quantity\", o0.\"StockSymbol\", o0.\"TargetPrice\", o0.\"UserId\"
FROM \"OrderProcesses\" AS o
INNER JOIN \"Orders\" AS o0 ON o.\"OrderId\" = o0.\"Id\"
WHERE o.\"Status\" = 0"
2024-08-20 17:37:14 [Information] Start processing HTTP request "GET" "https://finnhub.io/api/v1/quote?symbol=AAPL&token=cqosfapr01qqj5dme8e0cqosfapr01qqj5dme8eg"
2024-08-20 17:37:14 [Information] Sending HTTP request "GET" "https://finnhub.io/api/v1/quote?symbol=AAPL&token=cqosfapr01qqj5dme8e0cqosfapr01qqj5dme8eg"
2024-08-20 17:37:22 [Information] Received HTTP response headers after 7388.1299ms - 200
2024-08-20 17:37:22 [Information] End processing HTTP request after 7391.994ms - 200
2024-08-20 17:38:03 [Information] Executed DbCommand ("58"ms) [Parameters=[""], CommandType='Text', CommandTimeout='30']"
""SELECT o.\"Id\", o.\"CreatedBy\", o.\"CreatedDate\", o.\"DeletedBy\", o.\"DeletedDate\", o.\"IsDeleted\", o.\"ModifiedBy\", o.\"ModifiedDate\", o.\"OrderId\", o.\"Status\", o0.\"Id\", o0.\"CreatedBy\", o0.\"CreatedDate\", o0.\"DeletedBy\", o0.\"DeletedDate\", o0.\"IsDeleted\", o0.\"ModifiedBy\", o0.\"ModifiedDate\", o0.\"OrderType\", o0.\"Quantity\", o0.\"StockSymbol\", o0.\"TargetPrice\", o0.\"UserId\"
FROM \"OrderProcesses\" AS o
INNER JOIN \"Orders\" AS o0 ON o.\"OrderId\" = o0.\"Id\"
WHERE o.\"Status\" = 0"
2024-08-20 17:38:03 [Information] Start processing HTTP request "GET" "https://finnhub.io/api/v1/quote?symbol=AAPL&token=cqosfapr01qqj5dme8e0cqosfapr01qqj5dme8eg"
2024-08-20 17:38:03 [Information] Sending HTTP request "GET" "https://finnhub.io/api/v1/quote?symbol=AAPL&token=cqosfapr01qqj5dme8e0cqosfapr01qqj5dme8eg"
2024-08-20 17:38:03 [Information] Received HTTP response headers after 304.2714ms - 200
2024-08-20 17:38:03 [Information] End processing HTTP request after 307.7527ms - 200
2024-08-20 17:39:06 [Information] Executed DbCommand ("58"ms) [Parameters=[""], CommandType='Text', CommandTimeout='30']"
""SELECT o.\"Id\", o.\"CreatedBy\", o.\"CreatedDate\", o.\"DeletedBy\", o.\"DeletedDate\", o.\"IsDeleted\", o.\"ModifiedBy\", o.\"ModifiedDate\", o.\"OrderId\", o.\"Status\", o0.\"Id\", o0.\"CreatedBy\", o0.\"CreatedDate\", o0.\"DeletedBy\", o0.\"DeletedDate\", o0.\"IsDeleted\", o0.\"ModifiedBy\", o0.\"ModifiedDate\", o0.\"OrderType\", o0.\"Quantity\", o0.\"StockSymbol\", o0.\"TargetPrice\", o0.\"UserId\"
FROM \"OrderProcesses\" AS o
INNER JOIN \"Orders\" AS o0 ON o.\"OrderId\" = o0.\"Id\"
WHERE o.\"Status\" = 0"
2024-08-20 17:39:06 [Information] Start processing HTTP request "GET" "https://finnhub.io/api/v1/quote?symbol=AAPL&token=cqosfapr01qqj5dme8e0cqosfapr01qqj5dme8eg"
2024-08-20 17:39:06 [Information] Sending HTTP request "GET" "https://finnhub.io/api/v1/quote?symbol=AAPL&token=cqosfapr01qqj5dme8e0cqosfapr01qqj5dme8eg"
2024-08-20 17:39:09 [Information] Received HTTP response headers after 2598.4742ms - 200
2024-08-20 17:39:09 [Information] End processing HTTP request after 2601.4632ms - 200
2024-08-20 17:40:12 [Information] Executed DbCommand ("162"ms) [Parameters=[""], CommandType='Text', CommandTimeout='30']"
""SELECT o.\"Id\", o.\"CreatedBy\", o.\"CreatedDate\", o.\"DeletedBy\", o.\"DeletedDate\", o.\"IsDeleted\", o.\"ModifiedBy\", o.\"ModifiedDate\", o.\"OrderId\", o.\"Status\", o0.\"Id\", o0.\"CreatedBy\", o0.\"CreatedDate\", o0.\"DeletedBy\", o0.\"DeletedDate\", o0.\"IsDeleted\", o0.\"ModifiedBy\", o0.\"ModifiedDate\", o0.\"OrderType\", o0.\"Quantity\", o0.\"StockSymbol\", o0.\"TargetPrice\", o0.\"UserId\"
FROM \"OrderProcesses\" AS o
INNER JOIN \"Orders\" AS o0 ON o.\"OrderId\" = o0.\"Id\"
WHERE o.\"Status\" = 0"
2024-08-20 17:40:12 [Information] Start processing HTTP request "GET" "https://finnhub.io/api/v1/quote?symbol=AAPL&token=cqosfapr01qqj5dme8e0cqosfapr01qqj5dme8eg"
2024-08-20 17:40:12 [Information] Sending HTTP request "GET" "https://finnhub.io/api/v1/quote?symbol=AAPL&token=cqosfapr01qqj5dme8e0cqosfapr01qqj5dme8eg"
2024-08-20 17:40:12 [Information] Received HTTP response headers after 466.4138ms - 200
2024-08-20 17:40:12 [Information] End processing HTTP request after 469.4624ms - 200
2024-08-20 17:41:14 [Information] Executed DbCommand ("58"ms) [Parameters=[""], CommandType='Text', CommandTimeout='30']"
""SELECT o.\"Id\", o.\"CreatedBy\", o.\"CreatedDate\", o.\"DeletedBy\", o.\"DeletedDate\", o.\"IsDeleted\", o.\"ModifiedBy\", o.\"ModifiedDate\", o.\"OrderId\", o.\"Status\", o0.\"Id\", o0.\"CreatedBy\", o0.\"CreatedDate\", o0.\"DeletedBy\", o0.\"DeletedDate\", o0.\"IsDeleted\", o0.\"ModifiedBy\", o0.\"ModifiedDate\", o0.\"OrderType\", o0.\"Quantity\", o0.\"StockSymbol\", o0.\"TargetPrice\", o0.\"UserId\"
FROM \"OrderProcesses\" AS o
INNER JOIN \"Orders\" AS o0 ON o.\"OrderId\" = o0.\"Id\"
WHERE o.\"Status\" = 0"
2024-08-20 17:41:14 [Information] Start processing HTTP request "GET" "https://finnhub.io/api/v1/quote?symbol=AAPL&token=cqosfapr01qqj5dme8e0cqosfapr01qqj5dme8eg"
2024-08-20 17:41:14 [Information] Sending HTTP request "GET" "https://finnhub.io/api/v1/quote?symbol=AAPL&token=cqosfapr01qqj5dme8e0cqosfapr01qqj5dme8eg"
2024-08-20 17:41:15 [Information] Received HTTP response headers after 310.4887ms - 200
2024-08-20 17:41:15 [Information] End processing HTTP request after 314.2035ms - 200
2024-08-20 17:42:02 [Information] Executed DbCommand ("64"ms) [Parameters=[""], CommandType='Text', CommandTimeout='30']"
""SELECT o.\"Id\", o.\"CreatedBy\", o.\"CreatedDate\", o.\"DeletedBy\", o.\"DeletedDate\", o.\"IsDeleted\", o.\"ModifiedBy\", o.\"ModifiedDate\", o.\"OrderId\", o.\"Status\", o0.\"Id\", o0.\"CreatedBy\", o0.\"CreatedDate\", o0.\"DeletedBy\", o0.\"DeletedDate\", o0.\"IsDeleted\", o0.\"ModifiedBy\", o0.\"ModifiedDate\", o0.\"OrderType\", o0.\"Quantity\", o0.\"StockSymbol\", o0.\"TargetPrice\", o0.\"UserId\"
FROM \"OrderProcesses\" AS o
INNER JOIN \"Orders\" AS o0 ON o.\"OrderId\" = o0.\"Id\"
WHERE o.\"Status\" = 0"
2024-08-20 17:42:02 [Information] Start processing HTTP request "GET" "https://finnhub.io/api/v1/quote?symbol=AAPL&token=cqosfapr01qqj5dme8e0cqosfapr01qqj5dme8eg"
2024-08-20 17:42:02 [Information] Sending HTTP request "GET" "https://finnhub.io/api/v1/quote?symbol=AAPL&token=cqosfapr01qqj5dme8e0cqosfapr01qqj5dme8eg"
2024-08-20 17:42:02 [Information] Received HTTP response headers after 339.0759ms - 200
2024-08-20 17:42:02 [Information] End processing HTTP request after 343.4789ms - 200
